     1.439   3.284  -1.845
      1.81   2.994  -1.184
     1.219   2.817  -1.598
     2.107   2.599  -0.4916
     1.815   2.475  -0.6603
     1.531   1.163  0.3684
      2.36   3.242  -0.882
     1.767   3.31  -1.543
     1.337   3.162  -1.826
     1.825   3.202  -1.377
     1.545   3.491  -1.946
     2.232   3.537  -1.305
      2.08   3.297  -1.217
     2.495   3.06  -0.565
     1.343   2.887  -1.544
      1.58   2.879  -1.299
     1.799   2.912  -1.113
     1.351   3.081  -1.73
     1.439   2.768  -1.329
     1.667   2.439  -0.7728
     2.117   2.321  -0.2042
     1.322   2.215  -0.8933
     1.304   2.148  -0.8441
     1.116   1.99  -0.8739
    0.9254   1.915  -0.9894
     1.226   1.911  -0.6849
      1.02   1.714  -0.6939
     1.111   1.65  -0.539
    0.7511   1.53  -0.7789
    0.7476   1.427  -0.6793
    0.4436   1.413  -0.9691
    0.5914   1.318  -0.7267
   0.03487   1.23  -1.195
    0.4184   1.137  -0.7189
    0.6435   1.053  -0.4093
   0.02936   0.978  -0.9487
   -0.5591   0.8876  -1.447
  -0.09791   0.8249  -0.9229
   -0.6535   0.7322  -1.386
     1.077   0.6531  0.4243
       1.3   0.6167  0.6834
     1.714   0.5757  1.138
   0.02349   0.5343  -0.5108
     1.005   2.982  -1.977
     1.667   2.776  -1.109
     1.713   2.514  -0.8011
       1.4   2.282  -0.8814
     1.893   2.188  -0.2952
     1.042   2.084  -1.042
     1.184   1.965  -0.7813
    0.9709   1.849  -0.8777
    0.7638   1.692  -0.9283
     1.182   1.647  -0.465
    0.8485   1.543  -0.6941
    0.5787   1.383  -0.8044
    -0.602   1.248  -1.85
    0.8997   1.19  -0.2905
     1.787   1.13  0.6562
     1.362   1.008  0.3534
    0.8493   0.9254  -0.07609
     2.005   0.8303  1.174
     2.055   0.7818  1.273
     2.264   3.088  -0.8242
     2.035   3.1  -1.065
     2.266   3.017  -0.7517
      3.36   3.015  0.345
     2.653   2.737  -0.08369
     4.476   2.619  1.856
     1.395   3.752  -2.357
      2.85   3.513  -0.6628
     3.054   3.275  -0.2208
     2.655   3.071  -0.4162
     2.795   2.688  0.1069
     2.594   2.57  0.02446
     2.263   2.434  -0.1716
     2.154   2.163  -0.008617
     2.013   2.021  -0.007962
     1.929   1.877  0.05157
     1.755   1.794  -0.03959
     1.477   1.689  -0.2116
     3.628   2.458  1.17
     2.302   2.553  -0.2505
     2.738   2.603  0.1348
     2.264   2.633  -0.369
     2.851   2.626  0.2247
    0.3048   2.61  -2.306
     -2.78   2.421  -5.201
    -6.228   2.298  -8.527
      1.75   3.923  -2.173
     4.157   3.847  0.31
    0.2495   3.76  -3.51
     2.884   3.686  -0.802
     3.173   3.61  -0.4372
     2.673   3.565  -0.8921
     2.759   3.543  -0.7842
     2.867   3.487  -0.6206
     3.263   3.409  -0.1455
     1.966   3.336  -1.369
     3.809   3.289  0.5204
      2.34   3.294  -0.9536
     2.817   3.238  -0.4208
     3.349   3.216  0.1338
     3.092   3.169  -0.07633
      2.85   3.092  -0.2421
     2.761   3.006  -0.2441
     2.436   2.946  -0.5103
     3.097   2.819  0.2779
     3.214   2.791  0.423
     1.352   3.628  -2.276
     2.898   1.86  1.038
     3.066   1.946  1.119
     2.579   3.803  -1.224
     3.648   2.977  0.6707
     3.251   2.892  0.3585
     3.075   3.392  -0.3172
     4.158   3.264  0.8939
     3.188   3.167  0.02043
     3.466   2.955  0.5105
     2.642   2.535  0.1074
     2.507   1.62  0.8875
     2.347   1.563  0.7838
     1.982   1.521  0.4611
     3.038   3.445  -0.4073
     4.258   3.362  0.8963
     4.058   3.188  0.8693
      4.17   2.978  1.191
     3.804   2.785  1.019
     2.802   2.976  -0.1736
      4.44   2.961  1.479
     3.931   2.128  1.802
     1.535   2.02  -0.4842
     2.226   1.904  0.3225
     2.475   1.834  0.641
   -0.5395   1.748  -2.288
     3.183   1.449  1.735
     9.541   1.424  8.117
     3.957   3.217  0.7403
     3.732   2.106  1.626
     1.882   1.011  0.8712
     2.883   4.147  -1.265
     2.213   3.683  -1.47
      2.34   3.674  -1.334
     2.451   3.483  -1.033
     9.703   3.286  6.417
     2.433   3.538  -1.105
     2.509   3.57  -1.061
     5.378   5.341  0.03677
     5.015   5.166  -0.1508
     4.138   4.849  -0.7105
      4.03   4.708  -0.6774
     3.742   4.568  -0.8259
     4.115   4.517  -0.402
     4.757   4.447  0.3105
     3.925   4.376  -0.4514
     3.702   4.279  -0.5772
     4.121   4.232  -0.1114
     3.702   4.311  -0.609
     5.278   4.376  0.9019
     4.745   4.347  0.3984
     4.786   4.353  0.4333
     3.944   4.282  -0.3386
     5.043   4.176  0.8669
     4.682   4.214  0.4682
     4.481   4.196  0.2851
     3.843   4.041  -0.1981
     3.823   3.909  -0.08619
     4.256   5.69  -1.434
      6.85   5.147  1.703
     5.207   4.93  0.2772
     5.232   4.801  0.431
     5.089   4.705  0.3837
     7.252   4.733  2.519
     6.922   5.01  1.912
     7.135   4.991  2.145
     8.279   4.991  3.287
     7.921   4.898  3.023
     6.206   4.671  1.535
     6.933   4.47  2.463
     6.077   4.347  1.73
     2.106   4.275  -2.17
    -4.754   4.179  -8.933
     9.151   3.958  5.193
     4.904   3.748  1.156
     5.548   3.557  1.991
      3.76   3.404  0.3559
     4.103   3.273  0.8296
     4.018   3.159  0.859
     4.039   3.066  0.9729
     3.764   2.979  0.7847
     2.574   4.238  -1.664
      3.78   3.018  0.7618
     4.655   3.182  1.473
     5.167   3.293  1.874
     5.973   3.268  2.704
     4.575   3.139  1.436
     5.868   3.125  2.744
     4.336   3.2  1.136
     6.264   3.187  3.077
     5.514   3.253  2.261
     4.945   3.227  1.718
     4.685   3.174  1.511
     4.932   3.229  1.703
     5.411   3.235  2.176
     5.187   3.307  1.88
     5.205   2.395  2.81
     4.423   2.302  2.121
     4.049   2.294  1.756
     3.681   2.17  1.511
     2.822   2.015  0.8069
     2.935   1.924  1.011
     2.362   1.849  0.5132
     1.808   1.798  0.0101
     2.578   1.662  0.9163
     2.348   1.651  0.6969
     2.562   1.606  0.9553
     2.054   1.578  0.4768
     2.164   1.499  0.6647
     2.471   1.481  0.9899
     2.066   1.33  0.7369
     2.216   1.292  0.9243
     2.545   1.316  1.229
     2.357   1.166  1.191
     2.178   1.102  1.076
      1.77   1.007  0.763
     3.017   0.9386  2.078
     2.506   0.9467  1.559
     2.152   0.9212  1.231
     1.822   3.043  -1.221
     2.645   2.903  -0.2586
     3.094   2.826  0.2673
     3.187   2.704  0.4824
     3.427   2.57  0.8578
      2.34   2.479  -0.1389
     2.661   2.466  0.195
     2.127   2.436  -0.3088
     2.407   2.213  0.1944
     2.086   2.215  -0.1291
     2.014   2.103  -0.08864
     1.195   1.97  -0.7747
     2.691   2.041  0.6503
     2.676   1.958  0.7182
     2.404   1.87  0.5344
     2.785   2.228  0.5565
     3.365   2.191  1.174
     4.184   1.977  2.207
       2.1   1.694  0.4055
     6.761   4.495  2.266
      4.68   4.173  0.507
     3.817   3.939  -0.1219
     3.623   2.655  0.9675
     3.469   2.686  0.7831
     3.225   2.404  0.8213
     2.567   2.343  0.2237
     3.456   2.293  1.163
     3.981   2.384  1.598
     4.238   2.51  1.728
     4.542   2.563  1.98
     4.825   2.71  2.115
     3.446   2.096  1.35
     5.052   2.013  3.039
     2.594   1.855  0.7388
     2.182   1.728  0.4541
     2.472   1.558  0.9131
     2.269   1.387  0.8824
      1.67   1.221  0.4493
     2.551   1.159  1.392
     2.077   1.144  0.9332
     1.886   1.03  0.8557
     1.696   0.8289  0.8672
     1.929   0.7805  1.149
     1.504   0.727  0.7766
     1.907   0.672  1.235
     1.526   0.5989  0.927
     1.898   0.6681  1.23
     1.991   0.6855  1.305
     1.562   0.6154  0.9469
     1.758   0.6145  1.143
     3.664   3.163  0.5018
     4.463   2.936  1.527
     3.224   1.854  1.37
     2.613   1.728  0.8856
     7.999   6.254  1.746
     8.149   6.085  2.064
     8.289   5.941  2.347
     10.09   5.551  4.54
     7.575   4.957  2.618
     7.267   4.573  2.694
     6.157   4.339  1.818
     6.514   4.043  2.47
     6.597   3.726  2.87
     4.594   3.542  1.051
     5.969   3.48  2.489
      5.11   3.405  1.705
     4.901   3.31  1.592
     4.912   3.176  1.736
     4.093   3.014  1.079
     3.924   2.866  1.058
     3.879   2.534  1.345
     2.236   2.403  -0.1666
     4.639   2.26  2.379
     2.559   2.162  0.3963
     5.103   2.112  2.991
     6.382   2.234  4.148
     7.415   4.169  3.246
     5.874   3.957  1.917
     5.498   3.779  1.72
     6.319   3.594  2.725
     4.917   3.453  1.464
     3.862   2.521  1.341
     4.923   2.313  2.609
     2.006   2.386  -0.3803
     6.169   2.163  4.006
     3.955   3.494  0.4613
      4.19   2.75  1.44
     3.338   2.27  1.067
     3.727   2.17  1.556
     4.112   1.99  2.122
     3.203   1.865  1.338
      3.04   2.36  0.6799
     2.681   2.349  0.3323
     3.273   2.343  0.9295
     3.233   2.254  0.9786
     3.432   2.237  1.195
     3.678   2.302  1.376
     2.492   1.902  0.5895
     2.723   1.939  0.7839
     2.916   1.817  1.099
     3.068   1.794  1.274
      2.77   1.799  0.9709
     2.143   1.748  0.3949
     7.032   4.828  2.204
     8.354   4.645  3.709
     7.312   4.455  2.857
     5.431   4.259  1.172
     5.885   4.102  1.783
      5.44   3.944  1.496
      5.53   3.751  1.779
     3.726   3.569  0.1563
      5.27   3.993  1.277
    -5.534   4.197  -9.731
    -13.21   3.665  -16.88
     10.63   3.151  7.482
     1.939   3.114  -1.175
     3.175   3.076  0.09828
     1.837   3.034  -1.198
    0.2547   2.968  -2.713
     2.618   2.916  -0.298
     3.182   2.863  0.3194
     1.291   2.789  -1.497
     3.099   2.711  0.3886
     6.022   3.197  2.825
     4.748   3.052  1.696
     4.281   2.897  1.384
     4.314   2.735  1.58
     4.119   2.607  1.511
     6.583   4.65  1.933
     5.598   4.453  1.145
      5.21   4.219  0.9914
     4.902   3.991  0.911
     7.745   3.805  3.94
     5.264   3.651  1.613
     4.769   3.451  1.318
     4.717   2.755  1.961
     4.273   2.731  1.543
     3.875   2.689  1.187
     4.763   2.638  2.125
     2.961   2.501  0.4596
     4.044   2.453  1.591
     3.088   2.382  0.7061
     3.557   2.323  1.235
     3.326   2.298  1.028
     3.854   3.097  0.757
       4.3   2.937  1.362
      4.54   2.796  1.744
     3.801   2.647  1.154
     3.942   2.477  1.465
     2.867   2.183  0.6839
     3.248   2.057  1.191
     3.897   1.929  1.968
     3.098   1.832  1.266
     2.885   1.409  1.476
     3.922   3.081  0.8403
     4.989   2.979  2.01
      5.17   2.914  2.256
     4.935   2.873  2.062
     5.005   2.825  2.179
     4.774   2.767  2.007
     5.949   2.661  3.289
     3.583   2.486  1.097
     3.937   2.389  1.548
     4.265   2.34  1.925
     4.172   3.575  0.5963
     4.052   2.965  1.087
     4.414   2.81  1.604
     2.553   5.182  -2.629
     3.169   5.051  -1.882
     3.498   5.05  -1.552
      3.16   5.026  -1.866
     4.347   4.978  -0.6311
     3.642   4.879  -1.238
     6.947   6.864  0.08238
     7.407   5.797  1.61
     6.425   5.896  0.5287
     7.648   5.889  1.758
     6.933   5.858  1.075
     5.437   5.757  -0.3207
     5.121   5.673  -0.5518
     6.022   5.588  0.4342
     6.217   5.038  1.179
     2.933   4.604  -1.67
     5.277   4.389  0.8886
     6.348   4.293  2.055
     5.536   4.207  1.329
     4.952   4.075  0.8769
     5.057   5.037  0.0205
     5.694   4.811  0.8831
      5.94   4.595  1.344
     6.292   4.403  1.889
     5.103   4.22  0.8829
     4.601   4.064  0.5369
     5.019   3.905  1.113
     3.978   3.756  0.2221
     3.547   3.611  -0.06398
     4.217   3.507  0.7105
      4.37   3.384  0.9863
     4.359   3.248  1.111
     3.691   3.137  0.5537
     4.542   3.02  1.522
     4.105   2.888  1.217
      3.97   2.752  1.218
     3.795   2.623  1.172
      5.76   4.284  1.476
     5.113   4.097  1.016
     4.712   3.921  0.7908
     4.685   3.765  0.9192
     4.512   3.613  0.8986
     3.863   3.456  0.407
     4.171   3.317  0.8546
     4.169   3.178  0.9914
     3.864   3.02  0.8445
     3.926   2.856  1.07
      3.58   2.738  0.842
     3.934   2.625  1.309
     3.294   2.411  0.8833
      3.28   2.304  0.9757
     4.494   3.704  0.7903
     4.183   3.604  0.5787
     4.619   3.449  1.17
     4.253   3.362  0.8909
     4.813   3.293  1.519
     3.995   3.176  0.8195
     3.986   3.034  0.9523
     5.414   2.879  2.534
       3.8   2.597  1.204
     3.399   5.92  -2.521
     5.236   5.559  -0.3236
     4.911   5.337  -0.4259
     4.272   5.163  -0.8907
     4.749   5.039  -0.2903
    -9.202   4.922  -14.12
     3.945   4.887  -0.942
     6.385   4.847  1.537
      4.45   4.813  -0.3625
     6.764   5.872  0.8924
     6.165   5.591  0.5738
     5.791   5.345  0.4455
      5.05   5.092  -0.04241
     5.063   4.851  0.2118
     5.766   4.64  1.126
     4.664   4.461  0.2033
     4.234   4.306  -0.07198
     4.156   4.16  -0.004259
     4.211   4.048  0.1626
     4.668   3.932  0.7353
      4.69   3.81  0.88
     4.499   3.708  0.7916
     4.047   3.591  0.4552
     4.176   3.483  0.6932
     3.872   3.367  0.5056
     4.244   3.273  0.971
     3.366   3.162  0.2035
     2.866   3.049  -0.183
      2.62   2.938  -0.3174
     2.421   2.832  -0.4109
     1.772   2.732  -0.961
     4.665   4.802  -0.138
     6.607   4.338  2.269
     4.941   4.278  0.6624
     4.753   4.154  0.5998
     5.087   3.984  1.103
     4.439   3.819  0.6206
     4.438   3.672  0.7661
     4.068   3.524  0.5443
     3.769   3.402  0.3667
      4.44   3.286  1.153
      4.19   3.17  1.02
      3.32   3.045  0.2747
     3.522   2.902  0.6199
     3.641   2.765  0.876
     2.825   2.665  0.1604
     3.629   2.541  1.088
     2.558   2.408  0.1503
     5.205   4.507  0.6987
     5.982   4.341  1.641
     5.742   4.173  1.569
     5.546   4.031  1.514
     5.074   3.878  1.196
     5.324   3.66  1.664
     3.757   3.452  0.3048
      4.28   3.315  0.9648
     3.551   3.166  0.3847
     4.328   3.093  1.235
      3.49   2.967  0.5233
     3.575   2.829  0.7457
         3   2.692  0.3083
     3.204   2.532  0.6718
     3.507   2.377  1.13
      3.22   2.257  0.9632
     2.499   2.148  0.3511
     3.051   2.034  1.017
     2.947   1.842  1.105
     1.639   1.772  -0.1326
     5.453   7.19  -1.737
     4.643   6.861  -2.218
     7.239   6.855  0.3842
     5.398   6.838  -1.439
     6.038   6.76  -0.7224
     6.315   6.718  -0.403
     6.466   6.616  -0.1501
     5.952   6.598  -0.6462
     8.027   6.575  1.452
     7.082   6.532  0.5492
     6.715   6  0.7152
     7.436   5.806  1.63
     6.468   5.663  0.8045
     6.525   5.545  0.98
     5.828   5.401  0.4275
     4.706   5.243  -0.5371
     7.872   5.079  2.792
     4.756   4.967  -0.2105
     6.449   4.837  1.612
     5.057   4.666  0.3911
     4.964   4.532  0.4322
     5.245   4.442  0.8032
      4.78   4.354  0.426
     5.866   4.25  1.616
      4.68   4.136  0.5436
      3.89   4.001  -0.1113
     4.175   3.932  0.2433
     4.927   3.861  1.066
     3.639   3.807  -0.1677
     4.543   3.771  0.7714
     2.954   3.712  -0.7574
     10.89   4.526  6.361
     4.531   4.361  0.1699
     4.449   4.194  0.2556
     4.345   4.008  0.3375
     5.228   3.877  1.351
     4.918   3.731  1.186
     4.262   3.597  0.6647
     3.666   3.471  0.1957
     4.368   3.342  1.026
     3.637   3.218  0.4192
     3.402   3.128  0.2739
     3.382   3.007  0.3743
     3.229   2.298  0.9311
     5.428   3.984  1.444
     5.177   3.959  1.218
     5.437   3.834  1.603
     4.645   3.711  0.9335
     4.888   3.585  1.304
     4.724   3.447  1.277
     4.544   3.381  1.163
     3.763   3.321  0.4416
     4.098   3.256  0.8415
      4.36   3.186  1.174
     3.776   3.076  0.6996
     3.621   2.989  0.6315
     3.783   2.902  0.8806
     3.509   4.414  -0.9045
     4.012   4.444  -0.4325
      2.91   4.399  -1.489
     5.588   4.263  1.325
     10.24   6.468  3.769
     7.948   6.239  1.709
     8.362   5.983  2.379
     7.603   5.745  1.858
     6.952   5.508  1.444
     6.694   5.281  1.413
     5.916   5.063  0.8528
      6.03   4.806  1.224
     6.213   4.574  1.639
     5.173   4.379  0.7945
     4.216   3.714  0.5017
     5.157   3.683  1.474
     5.409   3.64  1.769
     3.905   3.708  0.1974
     4.242   3.668  0.5731
     3.921   4.866  -0.9446
     5.814   4.851  0.9625
     5.072   4.809  0.2625
     4.424   4.761  -0.3372
     4.446   4.671  -0.2247
     4.682   4.59  0.09185
     5.481   4.555  0.9257
     4.903   4.448  0.455
     5.195   4.373  0.8221
     5.066   4.303  0.7632
      4.04   4.227  -0.1872
     4.445   4.142  0.303
     4.301   4.084  0.2178
     3.424   4.033  -0.609
     4.208   4.022  0.1861
     4.257   4.058  0.1992
     4.168   3.994  0.1748
      3.13   3.924  -0.7942
     3.154   3.864  -0.7099
     2.324   3.811  -1.487
     2.362   3.804  -1.442
     3.612   3.822  -0.2097
       3.1   3.812  -0.7116
     16.03   6.34  9.695
     6.347   6.188  0.1591
     8.494   5.973  2.521
     7.104   5.767  1.337
     7.051   5.623  1.428
      7.61   5.546  2.064
      6.15   5.48  0.6698
     7.186   5.395  1.791
     6.327   5.266  1.061
     5.145   5.159  -0.01345
      5.32   5.063  0.2568
     6.035   5.01  1.025
     5.493   5.015  0.4782
     6.437   4.932  1.505
     6.308   4.863  1.445
     6.366   4.823  1.543
      6.23   4.785  1.445
     6.338   4.735  1.603
     6.795   4.678  2.117
     5.541   4.613  0.9274
     4.894   4.559  0.3344
     4.837   4.537  0.3006
     8.468   5.201  3.267
     5.526   5.073  0.453
     5.476   4.457  1.019
     5.167   4.336  0.8309
     5.711   4.212  1.499
     5.703   4.067  1.636
     5.079   3.94  1.138
     4.766   3.835  0.9304
     4.676   3.737  0.9388
     5.742   3.634  2.108
     4.371   3.569  0.8019
     5.694   3.487  2.207
     4.307   3.427  0.8806
     4.425   3.38  1.045
     3.831   3.317  0.5139
     5.197   4.611  0.5858
       6.7   4.601  2.099
     4.584   4.603  -0.01903
     6.002   5.407  0.5946
     7.234   5.18  2.053
     6.713   5.022  1.691
     5.194   4.862  0.3318
     2.056   5.399  -3.343
     3.186   5.418  -2.232
      7.65   5.121  2.529
     4.558   5.108  -0.5495
     4.944   5.113  -0.1695
     5.559   5.164  0.3946
     6.394   5.11  1.285
     7.985   5.279  2.706
     8.843   5.346  3.496
     7.961   5.251  2.71
     8.777   4.697  4.08
     5.139   4.673  0.4652
     3.866   4.637  -0.7707
     5.329   4.594  0.7351
       3.4   4.588  -1.188
     5.426   4.58  0.8458
     4.232   4.578  -0.3459
     3.693   4.516  -0.8225
     3.325   4.434  -1.109
     4.152   4.354  -0.2017
     2.852   4.333  -1.481
     3.842   4.327  -0.4852
     4.433   4.327  0.1058
     3.993   4.336  -0.343
      3.86   4.33  -0.4701
     2.968   4.31  -1.342
     3.403   4.291  -0.8878
     3.298   4.334  -1.036
     3.749   4.373  -0.6237
     5.464   5.454  0.01017
     4.149   5.286  -1.137
      4.73   5.116  -0.3855
     5.249   4.96  0.289
     4.927   4.8  0.1275
     10.82   5.766  5.058
     6.042   5.431  0.6112
     6.046   5.304  0.7421
     5.662   5.161  0.5009
     7.181   5.023  2.158
     4.666   5.523  -0.857
     5.968   5.511  0.4577
     4.403   5.382  -0.9796
     4.357   6.086  -1.728
     5.154   6.022  -0.8678
     5.131   5.999  -0.8684
     6.278   6.024  0.2538
     6.906   5.904  1.002
     7.726   5.815  1.911
     5.817   5.778  0.03832
     5.156   5.757  -0.6012
     5.596   5.811  -0.2152
     8.077   5.826  2.251
     7.537   5.807  1.73
     7.243   5.782  1.461
     7.267   5.773  1.495
     7.542   5.737  1.806
     8.068   5.699  2.369
     8.014   5.631  2.383
     6.616   5.454  1.162
    -10.42   6.59  -17.01
     8.555   5.415  3.14
     6.869   5.248  1.621
     7.634   5.128  2.506
     6.175   5.059  1.116
     6.225   4.995  1.23
     6.027   4.91  1.117
     6.661   4.735  1.926
     9.039   4.733  4.306
    -8.126   4.611  -12.74
     3.902   4.617  -0.7156
     4.892   4.62  0.2722
     5.673   4.638  1.035
     5.533   4.626  0.9062
    0.3333   4.605  -4.272
     9.219   4.535  4.683
     5.623   4.533  1.09
     3.682   4.545  -0.8631
     6.187   6.237  -0.05015
     5.754   6.051  -0.297
     5.507   5.85  -0.3434
     4.434   5.664  -1.229
     5.146   5.491  -0.3449
     4.624   5.337  -0.7137
     4.961   5.193  -0.2316
     3.589   5.057  -1.468
     5.191   4.935  0.2555
     4.164   4.801  -0.6363
     4.188   4.695  -0.5073
      3.98   4.577  -0.5968
      3.57   4.458  -0.8887
     4.433   4.347  0.08617
     3.315   4.239  -0.9236
     5.671   4.981  0.6898
     5.351   4.823  0.5278
     5.088   4.64  0.448
     4.207   4.48  -0.273
     4.647   4.35  0.2969
     4.157   4.229  -0.0714
     4.441   4.122  0.3181
     3.844   4.002  -0.1578
      4.57   3.893  0.6772
     4.655   3.771  0.8843
     3.849   3.664  0.1847
     3.619   3.576  0.04317
     4.139   3.478  0.6609
     3.961   3.387  0.5741
     3.926   3.308  0.6176
     3.455   3.239  0.2157
      4.16   3.155  1.004
     3.857   3.053  0.8038
     3.968   3.962  0.006836
     4.609   3.888  0.7214
     4.923   3.786  1.137
     4.385   3.675  0.7103
      4.37   3.559  0.8108
     3.318   2.988  0.3299
     2.791   2.912  -0.1202
     3.159   2.81  0.3494
     6.369   5.342  1.026
     7.468   5.189  2.279
     6.457   5.005  1.452
     6.678   4.888  1.79
     8.091   4.635  3.456
     7.405   4.621  2.784
     6.611   4.593  2.018
     6.397   4.571  1.826
     6.506   4.53  1.975
     5.197   4.484  0.7133
     5.586   4.431  1.155
     4.502   4.358  0.1434
     6.666   4.218  2.448
     6.158   4.08  2.078
     5.102   4.007  1.095
     5.895   3.955  1.941
     5.221   3.887  1.334
     4.788   3.842  0.9462
     5.686   4.718  0.9677
     6.494   4.644  1.85
       6.1   4.536  1.564
     9.751   4.365  5.387
      4.98   4.323  0.6563
     6.322   4.24  2.083
     5.889   4.183  1.706
     5.558   4.124  1.434
      5.87   4.052  1.818
     5.505   3.974  1.531
     4.218   3.895  0.3227
     4.642   3.814  0.8277
     5.735   3.753  1.982
      6.39   3.699  2.691
      4.79   3.653  1.136
     5.669   3.616  2.052
     4.458   3.577  0.8805
      5.51   3.539  1.972
     4.944   3.487  1.457
     4.325   5.097  -0.7727
     5.032   4.941  0.09118
      3.64   4.794  -1.154
     4.798   4.688  0.1097
     3.951   4.587  -0.6369
     4.398   4.501  -0.1024
     3.596   4.413  -0.817
    -14.53   4.076  -18.6
     5.785   3.955  1.83
   -0.4593   3.815  -4.274
    0.0113   3.704  -3.693
    0.5117   3.59  -3.078
     1.272   3.496  -2.223
    0.7562   3.388  -2.632
    0.6457   3.291  -2.645
      1.01   3.202  -2.192
    0.4558   3.131  -2.675
    0.6122   3.08  -2.467
    0.1027   3.031  -2.929
   -0.2345   2.96  -3.195
    0.5127   2.915  -2.403
     1.557   2.88  -1.324
    -3.725   2.797  -6.522
     2.901   2.702  0.1996
     4.507   3.716  0.7912
     4.054   3.547  0.5069
     3.994   3.425  0.5694
      3.77   3.283  0.4867
      3.44   3.165  0.2755
     2.925   3.053  -0.1285
     2.515   2.941  -0.4265
     3.421   2.826  0.5953
     2.759   2.733  0.02544
     2.358   2.64  -0.2822
     2.757   2.586  0.1712
      2.25   2.539  -0.2896
     1.667   2.483  -0.8165
     2.288   2.451  -0.1632
     2.182   2.409  -0.2266
     2.079   2.379  -0.3008
     1.855   2.291  -0.436
     2.197   2.182  0.01411
     1.204   2.082  -0.8788
    0.8118   1.983  -1.171
     5.056   4.946  0.11
     6.162   4.727  1.435
     4.902   4.13  0.7715
     3.995   4.007  -0.01255
     4.045   3.887  0.1588
     4.513   3.765  0.7481
     3.949   3.727  0.2228
     5.277   3.693  1.584
     4.748   3.643  1.105
     3.926   3.585  0.3407
     4.326   3.497  0.8285
     4.774   3.401  1.372
     3.534   3.324  0.2093
     4.753   3.274  1.48
     3.365   3.189  0.1757
     2.998   3.104  -0.1065
      9.04   6.816  2.224
     9.564   6.67  2.895
     7.811   6.558  1.253
     9.148   6.394  2.754
      9.21   6.212  2.998
     6.576   6.484  0.09126
     4.774   6.197  -1.423
     10.04   6.106  3.937
    -8.003   5.558  -13.56
     3.515   5.415  -1.901
     3.681   5.299  -1.618
     4.901   4.857  0.04443
     4.388   4.758  -0.3704
     2.433   4.674  -2.241
     1.933   4.607  -2.674
     3.729   4.544  -0.8146
      4.45   4.924  -0.4739
     5.562   4.772  0.7903
     4.809   4.654  0.1547
     4.637   4.532  0.1047
       4.9   4.405  0.4955
     4.819   4.262  0.5575
     3.355   4.122  -0.7671
     3.442   4.003  -0.5613
     2.745   3.91  -1.165
     2.676   3.818  -1.142
     2.921   3.592  -0.6711
     3.507   3.509  -0.001713
     2.785   3.439  -0.654
     3.464   3.376  0.08794
     2.439   3.286  -0.847
    -1.067   3.211  -4.278
     2.078   3.135  -1.057
     6.654   3.092  3.562
     1.181   3.081  -1.9
     5.553   4.62  0.9333
     5.188   4.443  0.7451
     6.062   4.299  1.763
     5.318   4.155  1.163
     7.395   5.776  1.619
     7.403   5.667  1.737
     7.324   5.585  1.739
     9.452   5.483  3.969
     7.753   5.197  2.556
     10.99   4.936  6.056
     5.916   4.748  1.168
         7   4.547  2.453
      5.16   4.336  0.8242
     5.874   4.21  1.664
      5.13   4.101  1.028
     5.748   4.05  1.698
     5.952   3.952  2
     5.023   3.811  1.213
     7.018   4.984  2.034
     7.027   4.793  2.234
     5.816   4.602  1.214
     5.538   4.415  1.123
     4.738   4.245  0.493
     5.754   4.089  1.666
     4.887   3.943  0.9443
     4.542   3.796  0.7456
     6.642   6.064  0.5783
     6.474   5.821  0.6529
       6.6   5.642  0.9578
     6.589   5.54  1.049
     6.367   5.462  0.9048
     5.847   5.392  0.455
     4.719   5.207  -0.4875
     4.802   6.201  -1.398
     7.043   5.983  1.059
     5.275   5.606  -0.3316
     6.123   5.453  0.6701
     7.225   5.857  1.368
      7.64   5.841  1.799
     8.224   5.856  2.367
     7.916   5.757  2.159
     6.046   5.218  0.8281
     2.893   5.169  -2.276
     6.905   5.091  1.814
      8.96   5.021  3.939
     5.154   4.965  0.1892
     5.215   4.597  0.618
     7.296   6.065  1.231
     8.856   5.846  3.01
     6.183   5.656  0.5275
     7.581   5.478  2.103
     6.409   5.32  1.09
     7.707   5.18  2.527
     5.675   5.047  0.6275
     6.451   4.961  1.49
     5.924   4.832  1.092
     6.464   4.61  1.855
     6.062   4.396  1.666
     5.979   4.23  1.749
     5.641   4.08  1.562
      5.65   3.943  1.707
     4.992   3.819  1.173
     4.538   3.679  0.8586
      4.25   3.542  0.7081
     3.606   3.408  0.1984
     5.131   5.836  -0.7049
     5.897   5.626  0.2714
     6.245   5.423  0.8216
     4.913   5.246  -0.3331
     5.202   5.098  0.104
     4.574   4.961  -0.3871
     4.165   4.846  -0.681
     4.452   4.746  -0.293
     4.302   4.655  -0.353
     4.243   4.575  -0.3313
     4.138   4.506  -0.368
     4.261   4.435  -0.1737
     3.861   4.361  -0.5006
     3.018   4.287  -1.27
     3.427   4.218  -0.7905
     3.556   4.138  -0.5818
     2.869   4.064  -1.195
     2.142   3.994  -1.852
     3.633   4.627  -0.9944
     2.933   4.732  -1.799
     3.762   4.798  -1.036
     6.631   5.696  0.9348
     5.879   5.563  0.3164
     4.756   5.431  -0.6745
     6.377   5.306  1.071
     3.381   4.259  -0.8771
     3.819   4.206  -0.3874
     3.407   4.135  -0.728
     5.195   4.047  1.148
      4.12   3.95  0.1701
     3.333   3.865  -0.532
     2.599   3.784  -1.185
     2.603   3.709  -1.106
     6.156   5.79  0.3656
      6.06   5.701  0.3594
     6.823   5.595  1.228
      7.43   5.501  1.929
     6.492   5.433  1.059
      5.34   5.335  0.004095
      4.27   5.066  -0.7962
     3.343   4.904  -1.561
     2.993   5.102  -2.108
     3.793   5.214  -1.421
     10.64   5.293  5.35
     4.457   6.886  -2.429
     7.282   6.836  0.4466
     8.017   6.86  1.156
     9.026   6.816  2.21
     6.473   6.683  -0.2099
     5.633   6.556  -0.9232
     7.287   6.491  0.7958
     6.749   6.416  0.3332
     6.457   6.343  0.1143
     6.217   6.26  -0.04282
     6.736   6.181  0.5552
     6.801   6.138  0.6638
     7.358   6.091  1.267
     5.984   6.036  -0.05286
     5.711   5.974  -0.2622
     7.778   5.914  1.864
     7.061   5.848  1.214
     6.601   5.781  0.8197
     5.937   5.725  0.2128
     6.935   5.679  1.256
     5.033   5.555  -0.5226
     5.125   5.451  -0.3269
     5.917   5.311  0.6061
     4.741   5.168  -0.4272
     5.917   5.07  0.8474
     5.054   4.992  0.0619
     4.857   4.886  -0.02907
     4.735   4.792  -0.05682
     4.625   4.667  -0.04209
     4.769   4.555  0.2145
     4.192   4.493  -0.3009
     4.044   4.414  -0.3703
     3.959   4.315  -0.3561
     4.187   4.248  -0.06143
     3.644   4.15  -0.5057
     3.785   4.066  -0.2804
     3.212   3.981  -0.769
     3.397   3.889  -0.492
     2.882   3.803  -0.9218
     3.584   3.794  -0.2102
      3.41   3.845  -0.4343
      4.04   4.727  -0.6873
     4.931   4.54  0.3908
     3.739   4.4  -0.6615
     4.615   4.278  0.337
     5.064   4.169  0.8952
     4.753   4.075  0.6781
     4.621   3.969  0.6519
     3.478   3.829  -0.351
     3.336   3.681  -0.3453
     2.756   3.247  -0.491
     7.563   5.895  1.668
     6.705   5.754  0.9511
     6.733   5.594  1.139
     6.187   5.428  0.7596
     7.565   5.279  2.286
     6.162   5.172  0.99
     7.441   5.121  2.319
     6.791   5.039  1.752
     5.342   4.834  0.5089
     8.665   4.106  4.559
     5.773   5.28  0.4929
     8.513   5.124  3.39
      6.08   4.699  1.38
     6.229   4.532  1.697
     6.717   4.382  2.335
     7.026   4.222  2.804
     5.845   4.093  1.752
     6.479   3.968  2.512
     5.021   3.867  1.155
     5.277   3.767  1.51
     5.055   3.662  1.393
     5.289   3.566  1.724
     5.738   3.497  2.241
     4.686   3.413  1.274
     4.807   3.299  1.508
     4.305   3.186  1.119
     5.133   3.08  2.053
     3.881   2.992  0.8889
     4.192   2.915  1.277
       4.1   2.816  1.284
     3.811   2.729  1.083
     3.311   2.657  0.6533
     4.414   4.136  0.2782
     3.873   3.802  0.07085
     4.341   3.787  0.554
     3.512   3.763  -0.2518
     4.378   3.722  0.6553
      3.66   7.057  -3.398
     3.848   6.842  -2.994
     4.522   6.61  -2.088
     5.233   5.756  -0.5237
      4.57   5.609  -1.039
         6   5.361  0.6392
     5.343   5.304  0.03938
     5.371   5.268  0.1026
     5.133   5.27  -0.1367
     5.145   5.335  -0.1898
      5.91   5.384  0.526
     7.713   6.405  1.308
     7.549   6.183  1.366
     7.806   5.978  1.828
     7.082   5.802  1.28
     6.392   5.598  0.7945
     7.586   5.432  2.154
     6.874   5.278  1.596
     7.879   5.167  2.712
     7.487   5.076  2.411
     7.345   5.014  2.332
     6.025   4.968  1.057
     5.917   4.957  0.9598
     5.439   4.914  0.5254
     5.992   4.872  1.12
      6.22   4.807  1.414
     5.304   4.753  0.5511
     6.555   4.706  1.849
     7.108   4.671  2.437
     6.313   4.629  1.684
     5.426   4.61  0.8157
     7.561   5.296  2.265
     5.004   5.181  -0.1772
     6.931   5.043  1.888
     6.027   4.901  1.126
     6.708   4.733  1.975
     4.983   4.575  0.4071
     5.645   4.439  1.206
     5.336   4.307  1.028
     6.315   4.156  2.159
      7.44   6.377  1.063
     6.466   6.157  0.3081
     7.264   5.394  1.871
     7.005   5.199  1.806
      5.88   5.014  0.8663
     6.607   4.841  1.766
     5.308   3.982  1.326
     5.173   3.876  1.296
     5.395   3.783  1.612
     3.525   3.695  -0.1701
     7.653   6.489  1.164
     5.979   6.442  -0.4639
     6.017   6.367  -0.3501
     5.183   6.302  -1.119
     6.981   6.292  0.6887
     5.887   6.288  -0.4009
     9.165   8.364  0.8015
     9.689   8.279  1.411
      12.2   8.1  4.105
     8.568   7.769  0.7991
     18.09   6.65  11.44
     6.146   6.526  -0.3795
     8.003   6.674  1.329
      7.53   6.468  1.062
     4.445   6.256  -1.812
     2.895   4.048  -1.153
     6.107   6.286  -0.1787
     6.485   6.018  0.4675
     7.454   5.729  1.725
     7.539   5.444  2.095
     6.554   5.253  1.301
     7.436   5.127  2.31
     6.731   4.954  1.776
     6.442   4.807  1.635
     6.099   4.69  1.409
     6.281   4.573  1.708
     5.188   4.476  0.7118
     5.747   4.452  1.295
     6.222   4.425  1.797
     4.217   4.323  -0.1065
     4.879   4.155  0.7234
     4.766   4.019  0.7472
     4.635   4.017  0.6183
     7.033   5.942  1.091
     5.898   5.826  0.07139
     5.364   5.698  -0.3337
     5.878   5.21  0.6676
     6.571   6.17  0.4009
     6.106   5.986  0.1194
     5.988   5.82  0.1678
     6.049   5.674  0.3746
     5.069   5.542  -0.4735
     5.764   5.386  0.3778
      4.86   5.25  -0.3905
     4.552   4.403  0.1491
     4.845   6.112  -1.267
     5.683   5.926  -0.2431
     7.095   5.2  1.895
      5.43   5.078  0.3522
     6.143   4.94  1.202
     5.686   4.716  0.9703
     5.798   4.53  1.267
      5.79   4.359  1.431
      5.02   4.189  0.8305
     5.077   4.026  1.052
     4.781   3.887  0.8942
     3.533   3.74  -0.207
     3.569   3.096  0.4728
     3.405   3.009  0.3968
     3.627   2.87  0.7565
     2.989   2.77  0.2192
     5.309   3.529  1.78
     4.082   3.451  0.6314
     3.609   6.869  -3.26
     5.939   5.846  0.09279
     3.642   4.792  -1.15
     4.689   4.691  -0.001145
     7.321   6.926  0.3954
     7.201   6.39  0.811
      7.23   6.166  1.064
     6.532   5.977  0.5551
     6.967   5.771  1.195
      6.05   5.574  0.4762
     5.717   5.379  0.3381
     5.634   5.195  0.439
     5.602   5.037  0.5649
     5.001   4.901  0.09998
     4.703   4.767  -0.0638
     4.804   4.628  0.1764
     9.765   6.857  2.908
     8.419   6.511  1.908
     7.524   6.251  1.274
     7.442   6.02  1.422
     6.729   5.792  0.937
     5.961   5.587  0.3745
     6.084   5.392  0.6921
      6.73   5.215  1.515
     6.144   5.033  1.111
     6.558   4.855  1.704
     6.473   4.682  1.791
     5.228   4.53  0.6972
     6.079   4.417  1.662
     5.829   4.319  1.51
     4.442   4.223  0.2187
     3.953   4.14  -0.1871
     4.624   4.06  0.5639
     6.597   6.013  0.5843
     5.618   5.853  -0.235
     6.134   5.71  0.4241
     5.895   5.515  0.3798
      5.29   5.326  -0.03605
     4.893   5.168  -0.275
     4.336   5.037  -0.7009
     4.238   4.931  -0.6923
     3.278   4.852  -1.574
     3.155   4.778  -1.623
      4.36   4.728  -0.3677
     5.195   4.668  0.5271
      4.14   4.618  -0.4786
     4.212   4.561  -0.3494
     5.075   4.488  0.5868
      6.55   6.348  0.2017
     5.677   6.162  -0.485
     6.184   5.961  0.2227
     5.316   5.763  -0.4469
     5.388   5.548  -0.1605
     5.062   5.35  -0.2877
     5.521   5.18  0.3407
     4.737   5.068  -0.3308
       4.4   4.929  -0.5289
      5.01   4.783  0.2269
     4.931   4.668  0.2633
     4.206   4.558  -0.3516
     4.018   4.538  -0.5193
     4.582   4.351  0.2307
     4.244   4.272  -0.02824
     4.273   4.199  0.07411
     4.018   4.122  -0.1042
     3.535   4.026  -0.4912
     3.695   3.899  -0.2043
     3.184   4.788  -1.604
     3.711   4.683  -0.9719
     3.815   4.51  -0.6949
     4.944   4.362  0.5826
     5.509   4.246  1.262
     3.874   4.113  -0.2391
     4.075   4.001  0.0743
     6.114   5.979  0.1349
     6.484   5.787  0.6963
     6.893   5.608  1.285
     6.816   5.421  1.396
     5.991   5.186  0.8053
     5.685   4.961  0.7234
     5.133   4.765  0.3681
     5.385   4.58  0.8048
     5.277   4.413  0.8643
      4.91   4.261  0.6491
     6.278   4.117  2.161
     5.114   4.011  1.103
     4.853   3.932  0.9211
     4.833   3.834  0.9994
     5.769   3.744  2.025
     4.659   3.554  1.106
     4.534   3.483  1.051
     4.364   3.413  0.9505
     3.714   3.378  0.3359
     7.309   6.624  0.6851
     7.411   6.445  0.9662
     7.017   6.258  0.7595
      6.72   6.118  0.6019
     6.355   5.898  0.4565
     6.044   5.698  0.3463
     5.767   5.529  0.2378
     4.635   5.405  -0.77
     4.887   5.328  -0.4405
     3.754   5.246  -1.492
      3.39   5.038  -1.648
     3.876   4.951  -1.075
     2.733   4.779  -2.045
      3.56   4.713  -1.153
       4.6   4.676  -0.0756
      4.24   4.596  -0.3556
     4.551   4.554  -0.002961
     7.977   6.805  1.172
     8.737   6.466  2.272
     7.756   6.117  1.639
     6.805   5.813  0.9921
     5.208   5.559  -0.3517
     6.463   5.317  1.146
     6.265   5.129  1.136
     5.453   4.922  0.5312
      5.17   4.767  0.4037
     5.857   4.667  1.19
     6.713   4.568  2.144
     4.928   4.465  0.4627
     4.988   4.392  0.5963
     4.914   4.299  0.6156
     5.483   4.184  1.299
     4.656   4.09  0.5661
     6.312   4.034  2.277
     4.052   4.019  0.03233
     4.724   3.984  0.7409
     3.835   3.944  -0.109
     6.398   6.164  0.2335
     6.193   6.033  0.1602
     5.422   5.881  -0.4587
     5.885   5.659  0.2265
     4.604   5.414  -0.8099
      4.22   5.216  -0.996
     3.528   5.084  -1.557
     2.718   4.949  -2.231
     3.204   4.835  -1.631
     2.714   4.743  -2.029
     5.387   4.674  0.7128
     3.239   4.619  -1.38
     3.427   4.55  -1.123
     4.082   4.477  -0.3954
     3.388   4.404  -1.016
     3.389   4.356  -0.9668
     3.751   4.325  -0.5742
     3.619   4.281  -0.6623
     2.628   4.247  -1.62
     6.433   6.206  0.2265
     5.771   6.027  -0.2556
     5.325   5.846  -0.5214
     5.899   5.701  0.1981
     4.458   5.55  -1.091
     3.917   5.392  -1.475
     5.106   5.256  -0.1496
     4.642   5.133  -0.4914
     4.627   5  -0.3729
     4.902   4.856  0.04617
     4.401   4.739  -0.3383
     4.232   4.615  -0.3833
     3.958   4.494  -0.5358
     4.528   4.372  0.1559
     3.433   4.261  -0.8286
     3.061   4.133  -1.072
     9.699   7.878  1.821
     7.816   7.62  0.1962
     7.098   7.143  -0.04483
     6.818   6.82  -0.002213
     6.738   6.6  0.1379
     6.174   6.464  -0.2896
     5.911   6.351  -0.4396
     5.309   6.257  -0.9479
     5.246   6.19  -0.9446
     5.239   6.178  -0.9394
     5.202   6.142  -0.9401
     5.261   6.14  -0.8794
     4.805   6.106  -1.301
     5.784   5.953  -0.169
     6.345   5.799  0.5455
     4.859   5.752  -0.8932
     4.923   5.674  -0.7517
     8.788   7.646  1.142
     7.443   7.423  0.01976
     6.649   7.222  -0.5726
     7.051   7.038  0.01211
     5.007   6.721  -1.714
     6.934   6.468  0.4661
     7.166   6.22  0.9459
     6.664   6.01  0.6539
     6.375   5.792  0.5829
     6.458   5.577  0.8816
     5.193   5.372  -0.1786
     5.698   5.173  0.5256
      5.89   5.006  0.8847
     6.693   6.461  0.2324
     7.995   6.3  1.694
     6.713   6.14  0.5735
     6.198   5.962  0.2366
     5.421   4.827  0.5943
     4.827   4.409  0.4182
     4.175   6.925  -2.75
      4.95   6.739  -1.788
     5.713   6.561  -0.8482
     4.582   6.409  -1.827
     6.391   6.264  0.127
     4.761   6.149  -1.388
     5.296   6.037  -0.7407
     4.628   5.911  -1.282
     4.865   5.783  -0.918
     4.899   5.67  -0.7707
     4.947   5.564  -0.6171
     4.197   5.205  -1.008
     3.632   5.135  -1.503
     6.397   6.529  -0.1328
      6.71   6.391  0.3186
     6.508   6.258  0.2496
     5.585   6.093  -0.5084
     5.619   5.926  -0.3068
     5.822   5.749  0.07271
     5.562   5.594  -0.03197
     4.775   5.441  -0.6666
     4.951   5.286  -0.3347
      4.64   4.516  0.1237
     10.52   9.413  1.109
     5.832   9.557  -3.724
     10.61   9.288  1.321
     6.612   9.067  -2.455
     4.613   8.531  -3.918
     5.455   8.425  -2.971
     11.26   8.76  2.495
     10.32   8.211  2.108
     9.909   8.046  1.863
     9.008   7.933  1.075
     9.256   7.831  1.425
       8.1   7.755  0.3447
     8.318   7.624  0.6945
     8.491   7.466  1.025
     8.787   7.331  1.456
      9.15   7.217  1.933
     7.585   7.078  0.5074
     7.753   6.961  0.7925
     7.681   6.823  0.8578
     8.019   6.708  1.311
     7.361   6.559  0.8015
     6.339   6.455  -0.1168
     6.053   6.343  -0.2907
      7.62   9.269  -1.649
     5.926   9.18  -3.254
     7.332   8.937  -1.606
     8.469   8.669  -0.2002
      7.87   8.509  -0.6382
     7.769   8.408  -0.6386
     7.064   8.287  -1.223
     8.628   8.174  0.4538
     7.973   8.043  -0.07082
     7.105   7.946  -0.8415
     6.089   7.885  -1.795
     6.088   7.764  -1.676
     7.024   7.727  -0.7029
     6.905   7.714  -0.8095
     5.693   7.457  -1.764
     9.248   8.867  0.3814
     10.54   8.689  1.849
     7.735   8.505  -0.7702
     8.908   8.306  0.6018
     8.446   8.125  0.3205
     6.656   7.921  -1.265
     7.927   7.711  0.2157
     7.575   7.503  0.07218
     7.062   7.238  -0.1763
     6.261   6.985  -0.7238
      5.75   6.778  -1.028
     5.491   6.615  -1.125
     5.436   6.467  -1.03
     5.482   6.328  -0.8457
     6.786   6.219  0.5673
     4.521   6.124  -1.603
     4.929   6.048  -1.119
      5.28   5.971  -0.6907
     5.213   5.896  -0.6827
     6.194   5.827  0.367
     4.909   5.756  -0.8477
     6.476   7.447  -0.9709
      6.62   7.322  -0.7016
     7.695   7.133  0.5616
     7.557   6.909  0.6472
     6.311   6.703  -0.392
     5.712   6.484  -0.7723
      5.83   6.242  -0.4117
      5.31   6.086  -0.7756
     5.044   5.942  -0.8985
     5.194   5.82  -0.6253
     3.666   5.679  -2.013
     4.972   5.553  -0.581
     5.376   5.247  0.1291
     8.705   7.005  1.7
     5.755   6.835  -1.079
     4.671   6.652  -1.981
     4.957   6.3  -1.343
       6.4   6.146  0.2539
     7.498   5.986  1.512
     6.159   5.771  0.3884
     6.173   5.61  0.5628
     5.907   5.44  0.4663
     5.556   5.275  0.2807
      7.16   7.113  0.04731
     7.231   6.913  0.3183
     7.626   6.716  0.91
      6.38   6.51  -0.1308
     5.475   6.28  -0.8047
     5.566   6.029  -0.4627
     5.028   5.806  -0.7772
     4.919   5.607  -0.6873
     5.249   5.421  -0.1717
     4.495   4.685  -0.1903
     5.063   4.542  0.521
     3.822   4.434  -0.6121
     3.362   4.358  -0.9961
     4.544   7.519  -2.975
     4.622   7.489  -2.867
     7.398   8.139  -0.7418
      8.41   7.989  0.4209
      7.71   7.824  -0.1142
     6.715   7.676  -0.9605
     8.643   7.379  1.264
     6.623   6.931  -0.3086
     6.461   6.611  -0.1499
     7.371   6.446  0.9256
     5.049   6.257  -1.208
     5.493   6.12  -0.6265
     4.989   6.028  -1.04
     5.181   5.932  -0.7509
     5.221   5.84  -0.6192
     4.785   5.74  -0.9546
      5.36   5.64  -0.2792
      4.81   5.519  -0.7093
     4.711   5.404  -0.6927
      5.81   5.297  0.5134
     4.817   5.2  -0.383
     4.961   5.115  -0.1532
     4.598   5.04  -0.4423
     5.873   5.565  0.3079
     5.752   5.375  0.3768
     4.158   5.22  -1.062
     5.833   5.109  0.7246
     5.195   5.022  0.1727
     5.148   4.881  0.2667
     5.938   4.755  1.182
     4.849   4.664  0.1848
     5.347   4.589  0.7585
     4.606   4.494  0.1116
     4.493   4.373  0.1197
     4.388   4.243  0.1452
     4.338   4.116  0.2218
      4.12   4  0.1194
     3.615   3.9  -0.2849
     4.125   3.799  0.326
     4.085   3.705  0.3804
     3.558   3.607  -0.04937
     3.443   3.509  -0.06606
     3.984   3.407  0.5766
     3.338   3.293  0.04448
     4.769   5.072  -0.3027
     5.428   4.872  0.5559
     5.026   4.633  0.3921
     4.796   4.397  0.3989
     3.824   4.212  -0.3881
     4.002   4.07  -0.06755
     4.214   3.966  0.2479
     4.545   3.887  0.6581
     4.693   3.797  0.8962
     3.767   3.676  0.09118
     4.152   3.558  0.5945
     3.726   3.453  0.2735
     4.103   3.337  0.7663
     4.596   3.217  1.379
     3.383   3.11  0.2731
     3.645   3.007  0.6386
     3.029   2.9  0.1289
     3.238   2.793  0.445
     2.798   2.69  0.1083
     3.418   2.6  0.8182
     3.023   2.531  0.4918
     3.979   4.331  -0.3521
     4.818   4.194  0.6249
     4.622   4.037  0.5841
     4.074   3.967  0.1065
      4.99   3.947  1.043
     4.906   3.831  1.074
     3.884   3.661  0.2222
     4.064   3.514  0.5505
     3.832   3.379  0.4532
     3.766   3.253  0.5132
     3.501   3.135  0.366
     3.635   3.021  0.6142
     3.847   2.908  0.9389
      3.97   2.78  1.19
     3.072   2.657  0.4146
     3.262   2.531  0.7311
     3.171   2.427  0.7436
     2.865   2.329  0.536
     2.578   2.232  0.3465
     2.419   2.124  0.2951
      2.37   2.029  0.3408
     5.253   4.458  0.7953
     5.261   4.277  0.9843
     4.984   4.104  0.88
     5.073   3.98  1.093
     5.233   3.886  1.346
     4.478   3.746  0.7314
     4.521   3.578  0.9422
     3.617   3.426  0.1912
     3.371   3.297  0.07408
     3.729   3.159  0.5698
     3.477   3.02  0.4572
     3.862   2.911  0.9513
      3.54   2.783  0.7576
     3.177   2.665  0.5115
     3.388   2.521  0.8672
      2.83   2.338  0.4919
     2.737   2.259  0.4781
     2.796   2.187  0.6098
      2.95   2.065  0.8842
     2.873   2.005  0.8682
     4.554   5.619  -1.065
     4.554   5.464  -0.9104
     4.515   5.339  -0.8238
     4.903   5.218  -0.3152
     5.253   5.112  0.1402
      4.45   4.954  -0.5048
     4.641   4.889  -0.2479
     4.237   4.854  -0.6177
     4.386   4.844  -0.4571
     4.661   4.777  -0.1156
     4.304   4.711  -0.4065
     3.963   4.643  -0.6803
     4.202   4.586  -0.384
     3.962   4.519  -0.5575
      3.87   4.467  -0.5976
     3.807   4.414  -0.6068
      3.87   4.35  -0.4798
     2.845   4.304  -1.459
     2.958   4.246  -1.288
     3.195   4.191  -0.9952
      3.34   4.133  -0.7928
     2.766   4.089  -1.323
     5.225   6.6  -1.376
     4.742   6.492  -1.75
     10.53   5.771  4.764
     5.212   5.655  -0.4432
     6.591   5.516  1.076
     5.055   5.368  -0.3129
     4.621   5.211  -0.5895
     6.776   5.058  1.719
     4.446   4.93  -0.4844
     5.212   4.581  0.6304
      3.44   4.594  -1.154
     4.643   4.511  0.1325
     4.352   4.404  -0.05116
     4.079   4.315  -0.2358
     3.498   4.254  -0.7563
      4.24   4.192  0.04745
     3.548   4.117  -0.5687
     5.409   5.921  -0.512
     5.792   5.062  0.7301
    -4.661   6.408  -11.07
     4.239   6.304  -2.066
     4.526   6.201  -1.675
     4.955   6.07  -1.115
     4.798   5.948  -1.15
     3.651   5.824  -2.173
     3.074   5.685  -2.611
     3.661   5.562  -1.901
     3.313   5.463  -2.15
     3.752   5.377  -1.624
     4.215   5.325  -1.11
     5.072   5.279  -0.2062
     9.781   5.203  4.579
     2.425   5.151  -2.726
     3.288   5.104  -1.817
     3.099   5.051  -1.952
     2.766   4.975  -2.21
      3.36   4.876  -1.516
     2.403   4.811  -2.408
     3.092   4.752  -1.661
     3.197   4.7  -1.503
     2.611   4.641  -2.03
     5.337   5.703  -0.3657
      4.19   5.486  -1.296
     4.589   5.312  -0.7233
     4.394   5.175  -0.7808
     4.086   5.027  -0.9418
     3.858   4.877  -1.018
      3.59   4.744  -1.153
      4.15   4.634  -0.484
       3.3   4.522  -1.222
     3.555   4.403  -0.8488
     3.692   4.295  -0.6026
     3.356   4.176  -0.8195
     3.382   4.042  -0.6605
     2.781   3.939  -1.158
     2.861   3.855  -0.9938
     3.256   3.751  -0.495
     2.627   3.669  -1.042
     2.314   3.606  -1.292
     2.342   3.514  -1.171
     5.182   5.797  -0.6144
     4.422   4.873  -0.4506
     4.546   4.725  -0.1787
     4.455   4.596  -0.1406
     3.875   4.482  -0.6074
     3.345   4.365  -1.02
     4.338   4.255  0.08334
     3.434   4.125  -0.6911
     3.726   3.822  -0.09582
     3.946   3.763  0.1825
     4.547   5.349  -0.802
     4.692   5.138  -0.4457
     4.613   4.949  -0.3364
     4.089   4.752  -0.6639
     4.476   4.529  -0.05257
     4.149   4.314  -0.165
     3.557   4.125  -0.568
     3.009   3.935  -0.9256
     3.574   3.775  -0.2016
     2.938   3.635  -0.6974
     3.003   3.5  -0.4969
     2.969   3.392  -0.4233
     3.412   3.266  0.1468
     3.224   3.139  0.08415
     2.796   3.017  -0.2215
     5.203   6.349  -1.146
       6.4   6.167  0.2332
     6.008   5.954  0.05417
     6.532   5.754  0.7774
     5.158   5.561  -0.4026
     5.514   5.354  0.1596
      5.37   5.127  0.2429
     3.936   4.935  -0.9986
     4.541   4.718  -0.1773
     3.426   4.535  -1.108
     3.049   4.361  -1.312
      2.14   4.211  -2.071
      3.18   4.085  -0.9057
     2.605   3.959  -1.354
     3.155   3.848  -0.6921
     2.326   3.743  -1.417
     2.648   3.634  -0.9859
     2.405   3.537  -1.132
     2.424   3.441  -1.017
     3.439   3.358  0.08046
     3.718   3.289  0.4289
      2.75   3.11  -0.3599
      4.04   5.634  -1.595
     4.394   5.399  -1.005
     4.399   5.162  -0.7638
     3.887   4.95  -1.063
     4.646   4.776  -0.1293
     4.625   4.634  -0.008989
      4.19   4.466  -0.2755
     3.167   4.291  -1.124
     3.967   4.137  -0.1705
     3.062   4.011  -0.949
     3.797   3.896  -0.09864
     2.868   3.797  -0.9296
       3.4   3.723  -0.3223
     2.766   3.642  -0.8758
     2.659   3.569  -0.9096
     4.017   3.495  0.522
     3.651   3.422  0.2288
     3.815   3.372  0.4429
     3.043   3.329  -0.2859
     3.083   3.293  -0.2101
     2.643   3.232  -0.5886
     3.019   3.173  -0.1536
      2.59   3.122  -0.5312
     3.798   4.9  -1.102
     3.496   4.298  -0.8012
     3.908   4.208  -0.3006
     2.497   4.269  -1.772
     2.337   4.132  -1.795
     1.975   4.096  -2.121
     2.367   4.1  -1.733
     2.065   4.074  -2.009
     2.156   4.061  -1.905
     3.659   4.253  -0.5944
     5.271   4.143  1.128
     4.451   4.012  0.4385
     3.899   3.86  0.03946
     2.806   3.71  -0.9043
     3.164   3.55  -0.3854
     3.088   3.403  -0.3142
     3.296   3.354  -0.05795
     3.567   3.212  0.3548
     2.288   3.069  -0.7812
     2.153   2.928  -0.7749
     3.589   2.903  0.6858
     3.289   2.892  0.3974
     2.268   2.829  -0.5611
     1.569   2.718  -1.149
    0.5274   2.608  -2.081
     1.622   2.088  -0.4661
     2.234   3.651  -1.416
     3.268   3.445  -0.1779
     2.662   3.362  -0.6997
    0.9075   3.206  -2.298
     4.249   3.144  1.105
     2.673   3.058  -0.3848
     1.836   2.967  -1.131
     1.888   2.905  -1.017
     4.501   2.91  1.591
     3.291   2.838  0.4532
      2.85   2.79  0.05971
     2.661   2.785  -0.1238
      3.28   2.791  0.4891
     2.264   2.776  -0.5125
      2.42   2.766  -0.3463
     1.854   2.763  -0.9089
     2.079   2.765  -0.6862
    0.6441   2.775  -2.131
     2.718   2.791  -0.07266
     2.658   2.811  -0.1533
     2.368   2.832  -0.4636
     2.167   5.098  -2.931
      2.65   4.98  -2.331
     2.015   4.859  -2.844
     1.895   4.774  -2.879
     1.023   4.668  -3.645
     1.499   4.606  -3.107
    -2.418   4.556  -6.974
     -2.24   4.517  -6.757
  -0.07949   4.485  -4.565
     1.611   4.442  -2.831
     2.322   4.399  -2.078
     1.749   4.324  -2.575
     1.682   4.289  -2.607
     1.807   4.25  -2.444
     1.644   4.225  -2.581
     1.167   4.127  -2.96
     1.436   4.104  -2.667
     3.757   5.971  -2.214
     3.744   5.661  -1.916
     3.686   5.517  -1.831
     2.434   5.076  -2.642
     5.181   5.682  -0.5009
     4.175   5.503  -1.328
     4.517   5.35  -0.8333
     3.576   5.182  -1.606
     4.308   5.019  -0.7111
     3.117   4.38  -1.263
     2.669   4.264  -1.595
     2.687   4.161  -1.474
     2.291   4.065  -1.774
     2.284   3.951  -1.667
     2.397   3.837  -1.44
     2.131   3.771  -1.64
     2.945   3.682  -0.7367
       2.4   3.486  -1.086
     3.721   4.34  -0.6189
         3   4.177  -1.177
     3.694   4.057  -0.3636
     2.834   3.931  -1.096
     2.723   3.818  -1.095
     2.594   3.715  -1.12
     2.926   3.57  -0.6441
     4.514   4.94  -0.4262
     3.797   4.657  -0.8599
     3.687   4.512  -0.8257
     3.817   4.388  -0.5708
     4.874   4.292  0.5828
     3.635   4.217  -0.5819
     3.005   4.141  -1.135
     3.588   4.064  -0.4757
     2.995   3.984  -0.9886
     2.738   3.896  -1.158
     2.744   3.839  -1.095
     3.088   3.813  -0.7255
     2.895   3.773  -0.8781
      2.99   3.653  -0.6629
     5.255   4.529  0.7253
    -1.655   4.486  -6.141
     3.485   4.995  -1.51
     3.901   6.453  -2.552
     7.416   6.518  0.8981
     3.176   6.23  -3.053
     4.105   6.092  -1.987
     2.244   5.958  -3.714
     3.003   5.452  -2.449
     3.148   5.307  -2.158
     3.451   5.144  -1.693
     3.421   5.028  -1.607
     2.605   4.878  -2.272
     2.974   4.762  -1.788
     2.264   4.667  -2.403
     2.687   4.548  -1.861
     1.632   3.852  -2.22
     1.764   3.799  -2.034
     1.707   3.768  -2.061
     1.853   3.703  -1.85
     1.624   3.515  -1.891
     4.512   4.838  -0.3256
     2.913   4.645  -1.732
     1.941   4.534  -2.593
     2.774   4.436  -1.663
      2.43   4.339  -1.909
     3.072   4.136  -1.064
     2.727   4.054  -1.327
     3.313   4.016  -0.7033
     3.023   3.991  -0.9678
      2.66   4.014  -1.354
     2.855   3.989  -1.135
     2.007   3.914  -1.907
     3.394   3.875  -0.4807
      5.79   3.803  1.988
     3.091   4.486  -1.395
     2.703   4.314  -1.611
     2.953   4.167  -1.214
     3.007   4.024  -1.017
     3.012   3.927  -0.915
     2.956   3.821  -0.8649
     2.664   3.711  -1.047
     3.182   3.726  -0.5442
   -0.5783   3.702  -4.28
     3.679   3.617  0.06257
     1.991   3.461  -1.47
     5.575   3.11  2.465
     1.926   4.231  -2.305
      4.41   5.656  -1.246
      4.21   5.461  -1.251
     4.647   5.257  -0.6099
     3.632   5.018  -1.386
     2.676   4.801  -2.125
      3.06   4.582  -1.522
     3.534   4.401  -0.8668
     2.945   4.217  -1.272
     3.148   4.06  -0.9126
       2.9   3.568  -0.6683
     2.468   3.479  -1.011
     4.272   5.972  -1.7
     3.788   5.937  -2.149
     4.629   5.877  -1.248
     2.906   5.209  -2.302
     2.387   4.757  -2.37
    -1.791   4.318  -6.11
     2.931   4.122  -1.191
     2.584   3.984  -1.401
       3.3   3.854  -0.5535
     2.967   3.756  -0.7883
     3.186   3.669  -0.4824
     2.083   3.576  -1.492
     2.464   3.514  -1.05
     2.655   3.465  -0.81
     2.368   3.418  -1.05
     3.343   3.365  -0.0227
     2.151   3.345  -1.194
     2.462   3.314  -0.8519
     2.661   4.75  -2.089
     2.483   4.555  -2.072
     3.009   4.366  -1.357
     2.666   4.201  -1.535
     2.669   3.998  -1.329
     2.789   3.811  -1.022
      2.23   3.631  -1.401
     2.559   3.476  -0.9167
     1.865   3.34  -1.475
     2.363   3.226  -0.8635
     2.483   3.112  -0.629
     2.014   3.007  -0.9926
     2.143   2.897  -0.7544
     1.554   2.805  -1.251
      1.82   2.718  -0.8982
     1.591   2.612  -1.021
     1.611   2.508  -0.8972
     0.878   2.176  -1.298
     2.587   4.258  -1.671
     1.951   4.206  -2.255
     2.333   4.132  -1.799
     2.499   4.035  -1.536
     2.122   3.906  -1.784
     1.988   3.795  -1.807
     2.018   4.617  -2.6
     2.648   4.338  -1.691
     2.801   4.116  -1.315
     2.399   3.902  -1.503
     2.366   3.726  -1.36
      2.41   3.555  -1.145
     2.131   3.403  -1.272
     2.251   3.258  -1.006
     2.033   3.103  -1.07
     1.727   2.967  -1.24
     1.939   2.824  -0.8849
    0.8025   2.697  -1.894
    0.3039   2.562  -2.258
     1.665   2.464  -0.7985
     1.588   2.364  -0.7756
     2.011   2.291  -0.2802
     1.715   2.192  -0.4774
     1.388   2.073  -0.6854
     1.627   1.963  -0.3363
     1.466   1.832  -0.3657
     2.657   4.683  -2.026
     1.971   4.487  -2.516
     2.771   4.288  -1.517
    0.1247   4.082  -3.957
   -0.3841   3.908  -4.292
     1.756   3.776  -2.021
     2.079   3.668  -1.589
     2.106   3.567  -1.461
     2.175   3.461  -1.287
     1.699   3.38  -1.681
     1.926   3.294  -1.368
     2.342   3.231  -0.889
     2.172   3.213  -1.04
      2.01   3.169  -1.159
     1.637   3.133  -1.496
     2.424   3.169  -0.7455
     2.286   3.173  -0.8863
     2.103   3.19  -1.087
     2.311   3.199  -0.8882
     1.286   3.186  -1.9
     1.569   3.715  -2.146
     1.805   3.499  -1.693
     1.829   3.366  -1.537
      1.67   3.221  -1.551
     1.597   3.093  -1.496
     1.778   2.978  -1.2
      1.72   2.859  -1.138
      1.82   2.769  -0.9492
     1.819   2.631  -0.8127
     1.658   2.518  -0.8598
     1.906   3.515  -1.609
     1.424   3.326  -1.902
     1.974   3.16  -1.186
     2.141   3.014  -0.8723
     1.641   2.868  -1.228
     1.371   2.725  -1.355
     1.332   2.597  -1.265
     1.649   2.486  -0.8368
     1.158   2.338  -1.18
     1.768   2.205  -0.4374
     1.179   3.339  -2.16
     2.268   3.253  -0.9848
     1.587   3.097  -1.51
     1.537   3.006  -1.469
     2.005   2.985  -0.9799
     1.738   2.902  -1.165
     1.481   2.743  -1.262
     1.119   2.548  -1.429
     1.287   2.388  -1.101
     1.474   2.261  -0.7869
     1.488   2.138  -0.6504
     1.252   2.032  -0.7795
     1.491   1.919  -0.4279
    0.9284   1.78  -0.8515
     1.162   1.676  -0.5139
     1.224   1.575  -0.3517
     1.559   1.49  0.0689
     4.006   2.926  1.08
      3.64   2.818  0.8215
     3.528   2.71  0.8182
      3.65   2.598  1.052
      3.81   2.497  1.313
     4.111   2.453  1.658
     3.126   2.397  0.7291
     2.852   2.296  0.5557
     3.312   2.219  1.093
     2.548   2.13  0.418
      3.12   2.036  1.084
     2.363   1.952  0.4106
     2.266   1.853  0.4134
     2.229   1.784  0.4446
     2.352   1.709  0.6428
     2.291   1.635  0.6552
     1.736   1.553  0.1824
     3.885   3.691  0.1934
     2.783   3.27  -0.4875
     3.329   3.194  0.1352
     2.987   3.093  -0.1065
     3.427   3.003  0.4241
     2.645   2.91  -0.2656
     2.226   2.82  -0.5939
     2.791   2.717  0.07449
     2.647   2.618  0.02908
     1.665   2.508  -0.8435
     1.699   2.396  -0.6966
     2.808   3.024  -0.2159
     3.196   2.867  0.3288
     3.816   2.776  1.04
      1.94   2.694  -0.7534
     2.091   1.985  0.106
     3.102   2.965  0.1371
     2.092   2.376  -0.2837
     1.315   1.545  -0.2298
     1.868   1.515  0.3531
     1.603   2.377  -0.7739
    0.1311   2.412  -2.281
     1.296   2.522  -1.226
     2.344   2.568  -0.2242
     2.531   2.566  -0.03433
     2.114   2.526  -0.4125
     3.319   2.495  0.8241
     1.777   2.437  -0.6597
     1.127   2.421  -1.294
     2.224   3.293  -1.07
      1.36   3.231  -1.871
     2.491   2.328  0.1635
     1.326   3.467  -2.141
     4.304   3.761  0.5423
      4.01   3.77  0.2403
     4.736   3.824  0.9114
     5.728   3.859  1.869
     4.222   3.869  0.3535
     4.351   3.801  0.5499
     11.08   4.703  6.375
     5.489   4.722  0.7669
     8.438   4.721  3.717
      3.43   4.737  -1.307
     5.609   4.744  0.8653
     4.328   4.866  -0.5378
     6.626   4.787  1.839
     3.734   4.665  -0.9311
      3.13   4.57  -1.44
     6.121   4.535  1.586
     5.082   4.467  0.6154
     3.686   4.083  -0.3972
     5.502   4.048  1.454
     4.969   4.028  0.9408
     4.441   3.987  0.4545
     4.733   3.974  0.7591
     4.821   3.986  0.8344
      7.53   3.997  3.533
     15.67   4.017  11.65
     3.966   4.03  -0.06433
     5.065   4.036  1.029
     3.883   4.041  -0.1584
     4.525   4.067  0.458
     5.638   4.161  1.476
     6.811   4.149  2.662
     2.318   4.009  -1.69
     5.822   3.839  1.983
     3.237   3.715  -0.4786
     3.459   3.613  -0.1533
     3.633   3.564  0.06891
     3.651   3.564  0.08725
      3.15   3.511  -0.3617
     3.248   3.381  -0.1325
     3.834   3.265  0.5689
     2.817   3.204  -0.387
      3.15   3.138  0.0114
     3.644   3.082  0.562
      2.96   3.078  -0.1184
     2.153   3.103  -0.9499
     3.211   3.036  0.1747
     3.516   2.983  0.5331
     3.204   2.9  0.3038
     2.437   2.862  -0.4251
     2.778   2.824  -0.04628
      2.64   2.784  -0.1448
      2.88   2.742  0.1384
     2.619   2.707  -0.08855
     2.229   2.669  -0.4402
     2.061   2.618  -0.5575
     3.644   3.247  0.3969
     2.944   3.146  -0.2018
     2.714   3.081  -0.3664
     1.529   2.958  -1.429
     2.787   2.891  -0.1034
     2.282   2.918  -0.6359
     2.008   2.867  -0.859
      2.43   2.673  -0.2433
     2.582   2.521  0.06074
     2.816   2.74  0.07574
     1.737   2.79  -1.053
   0.02468   4.519  -4.494
     2.118   4.403  -2.284
     4.347   4.378  -0.03088
     3.678   4.315  -0.6365
     3.123   4.194  -1.071
      2.53   4.094  -1.565
     2.771   4.018  -1.247
     2.681   3.996  -1.315
     2.144   3.939  -1.795
     2.196   4.466  -2.27
     3.224   4.194  -0.9705
     7.917   4.047  3.87
     3.258   3.656  -0.3981
     2.567   3.26  -0.6925
     1.926   3.262  -1.335
     1.695   3.222  -1.527
     3.666   3.208  0.458
     2.119   3.183  -1.064
     2.746   3.152  -0.4067
     3.255   3.234  0.02127
     3.019   3.119  -0.1004
     2.797   2.979  -0.1824
     2.138   2.793  -0.6554
     2.358   3.55  -1.192
      2.19   3.484  -1.293
     2.482   3.436  -0.954
     2.261   3.341  -1.079
     2.031   3.291  -1.26
      2.26   3.26  -1.001
     2.403   3.16  -0.7567
     1.796   3.052  -1.256
     2.475   2.976  -0.5009
     2.284   2.87  -0.586
     2.101   2.82  -0.7196
     1.286   2.415  -1.129
      5.24   2.335  2.906
     2.752   2.209  0.5431
     2.577   2.901  -0.3246
     1.756   2.804  -1.048
     2.225   2.697  -0.472
     1.641   2.598  -0.9576
     1.845   2.461  -0.6155
     2.751   2.211  0.5404
     2.807   2.227  0.5794
     2.338   2.298  0.03977
     1.619   2.339  -0.7196
      1.57   2.342  -0.7726
     1.777   2.312  -0.5357
    0.9622   3.152  -2.19
     1.993   2.934  -0.9414
     1.903   2.753  -0.8509
     2.623   2.691  -0.06765
     1.959   2.782  -0.8233
     2.049   1.863  0.1862
     3.179   1.788  1.391
    0.8024   1.725  -0.9223
     4.611   1.613  2.998
      2.13   2.559  -0.4288
     1.563   2.46  -0.897
     2.016   2.351  -0.3345
     1.867   2.231  -0.3636
     1.866   2.113  -0.2471
     2.118   1.81  0.3086
     1.735   1.721  0.01437
     1.773   1.613  0.1596
     1.313   1.532  -0.2194
      1.89   1.26  0.6305
     1.516   2.932  -1.417
     1.398   2.799  -1.401
     1.926   2.678  -0.752
     2.921   2.609  0.3124
     2.274   1.32  0.9539
     -13.7   1.349  -15.05
    0.4202   1.434  -1.014
     1.772   1.478  0.2931
     2.618   1.507  1.11
     1.968   1.569  0.3989
     1.555   3.189  -1.634
     2.966   3.138  -0.1722
     1.891   2.991  -1.101
     2.035   2.918  -0.8826
     2.441   2.866  -0.4252
     1.954   2.828  -0.8736
     1.843   2.785  -0.942
     2.341   2.743  -0.4019
     1.903   2.687  -0.784
     1.704   2.637  -0.9331
     2.353   2.581  -0.2278
     1.914   2.456  -0.5425
      2.09   2.368  -0.2776
      2.37   2.377  -0.007019
     2.172   2.345  -0.1722
      1.44   2.212  -0.7724
     1.477   2.089  -0.6116
     2.637   2.038  0.5987
     2.233   2.066  0.1665
     1.643   2.076  -0.4332
     1.669   2.048  -0.3789
     1.593   1.969  -0.3757
      1.43   1.908  -0.4788
     1.627   1.853  -0.2259
     1.332   1.822  -0.4902
     -1.58   1.791  -3.37
     2.156   1.767  0.3895
     2.069   3.354  -1.285
     2.902   3.301  -0.399
     1.926   3.212  -1.286
     1.883   3.148  -1.265
     2.762   3.097  -0.3357
     2.387   3.058  -0.6706
     2.714   2.982  -0.2682
     2.317   2.899  -0.5821
     2.849   2.849  -0.0001304
     1.553   2.825  -1.272
   -0.5178   2.811  -3.329
    -11.16   2.754  -13.91
      2.52   2.744  -0.2241
      2.17   2.777  -0.6069
     1.738   2.664  -0.9255
     2.374   2.65  -0.2762
     2.013   2.596  -0.5833
     1.615   2.514  -0.8986
      1.18   2.476  -1.296
     1.616   2.395  -0.7786
     1.724   2.305  -0.5813
     1.837   2.226  -0.3888
     1.502   2.208  -0.7062
     2.205   2.157  0.04812
     1.721   3.09  -1.37
     2.318   2.928  -0.6097
     1.603   2.789  -1.185
     2.985   1.749  1.236
     1.943   2.826  -0.8828
    0.9455   2.769  -1.823
     1.409   2.694  -1.285
     2.224   2.587  -0.3632
     1.524   2.291  -0.767
     4.261   1.888  2.373
     1.114   3.288  -2.174
     1.608   3.23  -1.622
     1.627   3.178  -1.551
     3.284   2.786  0.4984
   0.06967   2.662  -2.592
    0.7786   2.602  -1.824
     1.262   1.688  -0.4254
    0.9146   1.66  -0.7453
    0.9897   1.222  -0.2319
     1.145   1.275  -0.1301
    0.9392   1.257  -0.3176
     1.366   1.355  0.01118
     1.227   1.392  -0.1648
     1.342   1.387  -0.04471
     1.061   1.373  -0.3125
    0.9893   1.359  -0.3694
    0.9643   2.872  -1.907
    0.9587   2.767  -1.808
    0.8704   2.546  -1.675
     1.367   2.519  -1.152
     1.047   2.517  -1.47
     1.077   2.5  -1.423
     1.349   2.449  -1.1
     1.399   2.428  -1.028
     1.115   2.391  -1.276
     1.437   2.449  -1.013
     1.654   2.488  -0.8334
     1.691   2.519  -0.8274
     1.545   2.518  -0.9735
     1.194   2.508  -1.314
     1.055   2.509  -1.455
     1.569   2.318  -0.7487
     1.173   2.292  -1.119
     1.381   2.215  -0.8334
     1.478   2.206  -0.7275
     1.178   2.186  -1.008
     1.157   2.153  -0.9968
     1.483   2.121  -0.638
    0.2009   3.626  -3.425
     1.196   3.507  -2.311
       1.4   3.416  -2.016
     1.295   3.342  -2.047
     1.834   3.273  -1.438
     1.613   3.218  -1.605
      1.51   3.154  -1.644
     1.389   3.107  -1.718
     1.479   3.059  -1.58
     1.116   3.022  -1.906
     1.216   3.005  -1.789
     1.441   2.981  -1.54
     1.629   2.948  -1.319
      1.26   2.904  -1.644
     1.511   2.877  -1.365
     2.172   2.91  -0.7383
     1.138   2.936  -1.798
      1.03   2.914  -1.884
     1.581   2.889  -1.308
    0.8958   2.856  -1.96
     1.407   2.815  -1.409
     1.242   0.6772  0.5648
      3.16   0.6334  2.526
      -2.5   0.3609  -2.861
     1.754   0.4121  1.342
     1.922   1.771  0.1509
     1.649   1.729  -0.08005
     2.327   1.448  0.8791
     1.681   0.6151  1.066
      1.58   0.5051  1.075
      1.58   1.471  0.1097
     1.556   1.341  0.2152
     1.424   1.225  0.1986
      1.31   0.9039  0.4066
     2.975   1.011  1.964
    0.6186   1.026  -0.4077
     1.517   1.922  -0.4049
     1.275   1.94  -0.6652
     1.483   1.877  -0.3947
     1.973   1.83  0.1428
     3.146   1.669  1.477
   -0.2128   1.616  -1.829
    -8.307   1.56  -9.867
     1.221   1.126  0.09557
    0.1472   1.049  -0.9022
   -0.2089   1.235  -1.444
     1.883   1.161  0.7221
     1.028   1.862  -0.8347
     2.219   1.727  0.4914
     2.278   1.67  0.6089
     2.462   1.589  0.8734
     2.322   1.572  0.75
     1.717   1.469  0.2486
     2.046   1.101  0.9452
     1.478   1.045  0.433
     1.684   0.9997  0.6844
     1.574   1.004  0.57
      1.67   0.9255  0.7441
     1.928   0.8521  1.076
     1.603   0.7957  0.8069
     1.911   0.7229  1.188
     1.886   0.6987  1.187
     1.555   0.6721  0.8831
     3.333   0.5743  2.759
    0.4219   0.5225  -0.1006
     2.183   0.5145  1.668
      2.32   0.507  1.813
     1.634   0.4855  1.149
     1.532   0.4144  1.117
     1.551   0.3906  1.16
     1.415   0.3429  1.072
     1.733   1.047  0.6856
     1.316   0.4141  0.9023
     1.252   0.3922  0.8593
     1.205   0.3194  0.8851
     1.265   0.2607  1.004
       1.5   0.2146  1.285
     1.756   0.2125  1.544
     5.029   0.2836  4.745
    -11.98   0.3434  -12.32
    0.2958   0.4377  -0.1419
     -14.9   0.4784  -15.38
