Iter=    0   Nvars=    3   Nodes=  1 x  1
  0.49723
  0.49717
  0.49948
Iter=    0   Nvars=    3   Nodes=  1 x  1
  0.26527
  0.26858
  0.10869
Iter=    0   Nvars=    3   Nodes=  1 x  1
  0.26527
  0.26858
  0.10869
Iter=    0   Nvars=    3   Nodes=  1 x  1
  0.26527
  0.26858
  0.10869
Iter=    0   Nvars=    3   Nodes=  1 x  1
  0.26527
  0.26858
  0.10869
Iter=    0   Nvars=    3   Nodes=  1 x  1
  0.26527
  0.26858
  0.10869
Iter=    0   Nvars=    3   Nodes=  1 x  1
  0.26527
  0.26858
  0.10869
Iter=    0   Nvars=    3   Nodes=  1 x  1
  0.26527
  0.26858
  0.10869
Iter=    0   Nvars=    3   Nodes=  1 x  1
  0.26527
  0.26858
  0.10869
Iter=    0   Nvars=    3   Nodes=  1 x  1
  0.26527
  0.26858
  0.10869
Iter=    0   Nvars=    3   Nodes=  1 x  1
  0.26527
  0.26858
  0.10869
Iter=    0   Nvars=    3   Nodes=  1 x  1
  0.26527
  0.26858
  0.10869
Iter=    0   Nvars=    3   Nodes=  1 x  1
  0.26527
  0.26858
  0.10869
Iter=    0   Nvars=    3   Nodes=  1 x  1
  0.26527
  0.26858
  0.10869
Iter=    0   Nvars=    3   Nodes=  1 x  1
  0.26527
  0.26858
  0.10869
Iter=    0   Nvars=    3   Nodes=  1 x  1
  0.26527
  0.26858
  0.10869
Iter=    0   Nvars=    3   Nodes=  1 x  1
  0.26527
  0.26858
  0.10869
Iter=    0   Nvars=    3   Nodes=  1 x  1
  0.26527
  0.26858
  0.10869
Iter=    0   Nvars=    3   Nodes=  1 x  1
  0.26527
  0.26858
  0.10869
Iter=    0   Nvars=    3   Nodes=  1 x  1
  0.26527
  0.26858
  0.10869
Iter=    0   Nvars=    3   Nodes=  1 x  1
  0.26527
  0.26858
  0.10869
Iter=    0   Nvars=    3   Nodes=  1 x  1
  0.26527
  0.26858
  0.10869
Iter=    0   Nvars=    3   Nodes=  1 x  1
  0.26527
  0.26858
  0.10869
Iter=    0   Nvars=    3   Nodes=  1 x  1
  0.26527
  0.26858
  0.10869
Iter=    0   Nvars=    3   Nodes=  1 x  1
  0.26527
  0.26858
  0.10869
Iter=    0   Nvars=    3   Nodes=  1 x  1
  0.26527
  0.26858
  0.10869
Iter=    0   Nvars=    3   Nodes=  1 x  1
  0.26527
  0.26858
  0.10869
Iter=    0   Nvars=    3   Nodes=  1 x  1
  0.26527
  0.26858
  0.10869
Iter=    0   Nvars=    3   Nodes=  1 x  1
  0.26527
  0.26858
  0.10869
Iter=    0   Nvars=    3   Nodes=  1 x  1
  0.26527
  0.26858
  0.10869
Iter=    0   Nvars=    3   Nodes=  1 x  1
  0.26527
  0.26858
  0.10869
Iter=    0   Nvars=    3   Nodes=  1 x  1
  0.26527
  0.26858
  0.10869
Iter=    0   Nvars=    3   Nodes=  1 x  1
  0.26527
  0.26858
  0.10869
Iter=    0   Nvars=    3   Nodes=  1 x  1
  0.26527
  0.26858
  0.10869
Iter=    0   Nvars=    3   Nodes=  1 x  1
  0.26527
  0.26858
  0.10869
Iter=    0   Nvars=    3   Nodes=  1 x  1
  0.26527
  0.26858
  0.10869
Iter=    0   Nvars=    3   Nodes=  1 x  1
  0.26527
  0.26858
  0.10869
Iter=    0   Nvars=    3   Nodes=  1 x  1
  0.26527
  0.26858
  0.10869
Iter=    0   Nvars=    3   Nodes=  1 x  1
  0.26527
  0.26858
  0.10869
Iter=    0   Nvars=    3   Nodes=  1 x  1
  0.26527
  0.26858
  0.10869
Iter=    0   Nvars=    3   Nodes=  1 x  1
  0.26527
  0.26858
  0.10869
Iter=    0   Nvars=    3   Nodes=  1 x  1
  0.26527
  0.26858
  0.10869
Iter=    0   Nvars=    3   Nodes=  1 x  1
  0.26527
  0.26858
  0.10869
Iter=    0   Nvars=    3   Nodes=  1 x  1
  0.26527
  0.26858
  0.10869
Iter=    0   Nvars=    3   Nodes=  1 x  1
  0.26527
  0.26858
  0.10869
Iter=    0   Nvars=    3   Nodes=  1 x  1
  0.26527
  0.26858
  0.10869
Iter=    0   Nvars=    3   Nodes=  1 x  1
  0.26527
  0.26858
  0.10869
Iter=    0   Nvars=    3   Nodes=  1 x  1
  0.26527
  0.26858
  0.10869
Iter=    0   Nvars=    3   Nodes=  1 x  1
  0.26527
  0.26858
  0.10869
Iter=    0   Nvars=    3   Nodes=  1 x  1
  0.26527
  0.26858
  0.10869
Iter=    0   Nvars=    3   Nodes=  1 x  1
  0.26527
  0.26858
  0.10869
