1.75985  1.84239
1.75761  1.84369
1.75714  1.84508
1.75681  1.84642
1.75657  1.84768
1.75641  1.84888
1.7563  1.85001
1.75625  1.85107
1.75623  1.85207
1.75624  1.85301
1.75629  1.85389
1.75635  1.85471
1.75642  1.85549
1.75651  1.85621
1.75662  1.85689
1.75673  1.85753
1.75684  1.85814
1.75697  1.8587
1.75709  1.85924
1.75722  1.85974
1.75735  1.86022
1.75748  1.86067
1.7576  1.8611
1.75773  1.8615
1.75786  1.86189
1.75798  1.86225
1.75811  1.8626
1.75823  1.86293
1.75835  1.86324
1.75847  1.86354
1.75858  1.86383
1.75869  1.8641
1.7588  1.86437
1.75891  1.86462
1.75901  1.86486
1.75912  1.86509
1.75921  1.86531
1.75931  1.86552
1.7594  1.86572
1.75949  1.86592
1.75958  1.86611
1.75967  1.86629
1.75975  1.86647
1.75983  1.86664
1.7599  1.8668
1.75998  1.86695
1.76005  1.86711
1.76012  1.86725
1.76019  1.8674
1.76026  1.86753
1.76032  1.86767
1.76039  1.86779
1.76045  1.86792
1.76051  1.86804
1.76056  1.86816
1.76062  1.86827
1.76067  1.86838
1.76072  1.86849
1.76077  1.8686
1.76082  1.8687
1.76087  1.8688
1.76091  1.86889
1.76096  1.86899
1.76101  1.86908
1.76105  1.86917
1.76109  1.86926
1.76113  1.86934
1.76117  1.86943
1.76121  1.86951
1.76124  1.86958
1.76128  1.86966
1.76132  1.86974
1.76135  1.86982
1.76138  1.86989
1.76142  1.86996
1.76145  1.87003
1.76148  1.8701
1.76151  1.87017
1.76154  1.87023
1.76157  1.8703
1.7616  1.87036
1.76163  1.87043
1.76166  1.87049
1.76169  1.87055
1.76172  1.87061
1.76174  1.87067
1.76177  1.87073
1.76179  1.87079
1.76182  1.87084
1.76184  1.8709
1.76187  1.87095
1.76189  1.87101
1.76192  1.87106
1.76194  1.87112
1.76196  1.87117
1.76199  1.87122
1.76201  1.87127
1.76203  1.87132
1.76206  1.87137
1.76208  1.87142
1.7621  1.87147
1.76212  1.87152
1.76214  1.87157
1.76216  1.87162
1.76218  1.87167
1.76221  1.87171
1.76223  1.87176
1.76225  1.8718
1.76227  1.87185
1.76229  1.87189
1.76231  1.87194
1.76233  1.87199
1.76235  1.87203
1.76237  1.87207
1.76239  1.87212
1.76241  1.87216
1.76243  1.87221
1.76245  1.87225
1.76247  1.87229
1.76249  1.87233
1.7625  1.87238
1.76252  1.87242
1.76254  1.87246
1.76256  1.8725
1.76258  1.87254
1.7626  1.87258
1.76262  1.87262
1.76264  1.87266
1.76265  1.8727
1.76267  1.87274
1.76269  1.87278
1.76271  1.87282
1.76273  1.87286
1.76275  1.8729
1.76277  1.87294
1.76278  1.87298
1.7628  1.87302
1.76282  1.87306
1.76284  1.87309
1.76285  1.87313
1.76287  1.87317
1.76289  1.87321
1.76291  1.87325
1.76293  1.87328
1.76294  1.87332
1.76296  1.87336
1.76298  1.87339
1.763  1.87343
1.76301  1.87347
1.76303  1.87351
1.76305  1.87354
1.76307  1.87358
1.76308  1.87361
1.7631  1.87365
1.76312  1.87368
1.76314  1.87372
1.76315  1.87376
1.76317  1.87379
1.76319  1.87383
1.76321  1.87386
1.76322  1.8739
1.76324  1.87393
1.76326  1.87397
1.76327  1.874
1.76329  1.87403
1.76331  1.87407
1.76333  1.8741
1.76334  1.87414
1.76336  1.87417
1.76338  1.87421
1.76339  1.87424
1.76341  1.87427
1.76342  1.87431
1.76344  1.87434
1.76346  1.87437
1.76348  1.8744
1.76349  1.87444
1.76351  1.87447
1.76353  1.8745
1.76354  1.87454
1.76356  1.87457
1.76357  1.8746
1.76359  1.87463
1.76361  1.87466
1.76362  1.8747
1.76364  1.87473
1.76366  1.87476
1.76367  1.87479
1.76369  1.87482
1.7637  1.87485
1.76372  1.87488
1.76374  1.87491
1.76375  1.87495
1.76377  1.87498
1.76378  1.87501
1.7638  1.87504
1.76382  1.87507
1.76383  1.8751
1.76385  1.87513
1.76386  1.87516
1.76388  1.87519
1.76389  1.87522
1.76391  1.87525
1.76393  1.87528
1.76394  1.87531
1.76396  1.87534
1.76397  1.87537
1.76399  1.8754
1.764  1.87543
1.76402  1.87545
1.76403  1.87548
1.76405  1.87551
1.76407  1.87554
1.76408  1.87557
1.76409  1.8756
1.76411  1.87563
1.76412  1.87565
1.76414  1.87568
1.76415  1.87571
1.76417  1.87574
1.76418  1.87576
1.7642  1.87579
1.76421  1.87582
1.76423  1.87585
1.76424  1.87587
1.76426  1.8759
1.76427  1.87593
1.76429  1.87596
1.7643  1.87598
1.76431  1.87601
1.76433  1.87603
1.76434  1.87606
1.76436  1.87609
1.76437  1.87612
1.76439  1.87614
1.7644  1.87617
1.76441  1.87619
1.76443  1.87622
1.76444  1.87625
1.76446  1.87627
1.76447  1.87629
1.76449  1.87632
1.7645  1.87635
1.76451  1.87637
1.76453  1.8764
1.76454  1.87642
1.76455  1.87645
1.76457  1.87647
1.76458  1.8765
1.7646  1.87652
1.76461  1.87655
1.76462  1.87657
1.76464  1.87659
1.76465  1.87662
1.76466  1.87664
1.76468  1.87667
1.76469  1.87669
1.7647  1.87671
1.76472  1.87674
1.76473  1.87676
1.76474  1.87679
1.76475  1.87681
1.76477  1.87683
1.76478  1.87685
1.76479  1.87688
1.76481  1.8769
1.76482  1.87692
1.76483  1.87694
1.76484  1.87697
1.76486  1.87699
1.76487  1.87701
1.76488  1.87704
1.76489  1.87706
1.76491  1.87708
1.76492  1.8771
1.76493  1.87712
1.76494  1.87715
1.76496  1.87717
1.76497  1.87719
1.76498  1.87721
1.76499  1.87723
1.76501  1.87725
1.76502  1.87728
1.76503  1.8773
1.76504  1.87732
1.76505  1.87734
1.76506  1.87736
1.76508  1.87738
1.76509  1.8774
1.7651  1.87742
1.76511  1.87744
1.76512  1.87746
1.76514  1.87748
1.76515  1.87751
1.76516  1.87752
1.76517  1.87755
1.76518  1.87757
1.76519  1.87759
1.7652  1.87761
1.76522  1.87762
1.76523  1.87765
1.76524  1.87767
1.76525  1.87769
1.76526  1.8777
1.76527  1.87772
1.76528  1.87774
1.76529  1.87776
1.7653  1.87778
1.76532  1.8778
1.76533  1.87782
1.76534  1.87784
1.76535  1.87786
1.76536  1.87787
1.76537  1.87789
1.76538  1.87791
1.76539  1.87793
1.7654  1.87795
1.76541  1.87797
1.76542  1.87798
1.76543  1.878
1.76544  1.87802
1.76545  1.87804
1.76546  1.87806
1.76547  1.87807
1.76548  1.87809
1.76549  1.87811
1.7655  1.87813
1.76552  1.87815
1.76552  1.87816
1.76553  1.87818
1.76555  1.8782
1.76556  1.87821
1.76557  1.87823
1.76557  1.87825
1.76558  1.87826
1.76559  1.87828
1.76561  1.8783
1.76561  1.87831
1.76562  1.87833
1.76563  1.87835
1.76564  1.87836
1.76565  1.87838
1.76566  1.8784
1.76567  1.87841
1.76568  1.87843
1.76569  1.87844
1.7657  1.87846
1.76571  1.87848
1.76572  1.87849
1.76573  1.87851
1.76574  1.87852
1.76575  1.87854
1.76576  1.87856
1.76577  1.87857
1.76577  1.87858
1.76578  1.8786
1.76579  1.87862
1.7658  1.87863
1.76581  1.87865
1.76582  1.87866
1.76583  1.87868
1.76584  1.87869
1.76584  1.87871
1.76585  1.87872
1.76586  1.87874
1.76587  1.87875
1.76588  1.87877
1.76589  1.87878
1.7659  1.87879
1.7659  1.87881
1.76591  1.87882
1.76592  1.87884
1.76593  1.87885
1.76594  1.87886
1.76594  1.87888
1.76595  1.87889
1.76596  1.87891
1.76597  1.87892
1.76598  1.87893
1.76599  1.87895
1.76599  1.87896
1.766  1.87897
1.76601  1.87899
1.76602  1.879
1.76603  1.87902
1.76603  1.87903
1.76604  1.87904
1.76605  1.87905
1.76606  1.87907
1.76607  1.87908
1.76607  1.87909
1.76608  1.8791
1.76609  1.87912
1.7661  1.87913
1.7661  1.87914
1.76611  1.87916
1.76612  1.87917
1.76613  1.87918
1.76613  1.8792
1.76614  1.87921
1.76615  1.87922
1.76616  1.87923
1.76616  1.87924
1.76617  1.87926
1.76618  1.87927
1.76619  1.87928
1.76619  1.87929
1.7662  1.8793
1.76621  1.87931
1.76621  1.87933
1.76622  1.87934
1.76623  1.87935
1.76623  1.87936
1.76624  1.87937
1.76625  1.87939
1.76626  1.87939
1.76626  1.87941
1.76627  1.87942
1.76627  1.87943
1.76628  1.87944
1.76629  1.87946
1.7663  1.87946
1.7663  1.87948
1.76631  1.87949
1.76632  1.8795
1.76632  1.87951
1.76633  1.87952
1.76633  1.87953
1.76634  1.87954
1.76635  1.87955
1.76635  1.87956
1.76636  1.87957
1.76637  1.87958
1.76637  1.87959
1.76638  1.8796
1.76639  1.87961
1.76639  1.87962
1.7664  1.87963
1.7664  1.87965
1.76641  1.87966
1.76642  1.87967
1.76642  1.87968
1.76643  1.87969
1.76644  1.8797
1.76644  1.87971
1.76645  1.87972
1.76645  1.87973
1.76646  1.87974
1.76646  1.87975
1.76647  1.87975
1.76648  1.87976
1.76648  1.87978
1.76649  1.87978
1.76649  1.87979
1.7665  1.8798
1.76651  1.87981
1.76651  1.87982
1.76652  1.87983
1.76652  1.87984
1.76653  1.87985
1.76653  1.87986
1.76654  1.87986
1.76654  1.87988
1.76655  1.87988
1.76656  1.87989
1.76656  1.8799
1.76657  1.87991
1.76657  1.87992
1.76658  1.87993
1.76658  1.87994
1.76659  1.87995
1.76659  1.87996
1.7666  1.87996
1.7666  1.87997
1.76661  1.87998
1.76661  1.87999
1.76662  1.88
1.76662  1.88001
1.76663  1.88002
1.76663  1.88003
1.76664  1.88004
1.76665  1.88004
1.76665  1.88005
1.76666  1.88006
1.76666  1.88007
1.76666  1.88007
1.76667  1.88008
1.76667  1.88009
1.76668  1.8801
1.76668  1.88011
1.76669  1.88011
1.76669  1.88012
1.7667  1.88013
1.7667  1.88014
1.76671  1.88014
1.76671  1.88015
1.76672  1.88016
1.76672  1.88017
1.76673  1.88018
1.76673  1.88018
1.76674  1.88019
