PRINT OUT WHAT JUST READ:
nNode: 1
ndaFactor: 5
fileNameWin: solo/output/sofm_4.out
fileNameData: solo/input/solo_input.csv
typeOfSimu: training
iniSeed: 5678
calThreshold: 0
fileNameEignValue: solo/output/eigenValue.out
fileNameEignVector: solo/output/eigenVector.out
fileNameAccumError: solo/output/accumErr.out
fileNameAccumRR: solo/output/accumRR.out
fileNameTrainProcess: solo/output/trainProcess.out
fileNameFreq: solo/output/freqTable.out
fileNameWout: solo/output/hidOutputWt.out
fileNameErrMap: solo/output/errorMap.out
fileNameFinResult: solo/output/finResult.out
fileNameTrainWin: solo/output/trainWin.out
fileNameTrainWout: solo/output/trainWout.out
Number of rows is 2457, number of drivers is 3
    2457 

sTop= 0  thresHold= 20  nd0= 2457
nodeX= 0  nodeY= 0  nWn= 0  nda= 2457
Wo BEFORE LS ESTIMATES: -1  -1  -1  -1  
 *************************** 
rmse before optimation: 5.53924
Number of PC: 3
PC % used: 0
LS parameters:    0.437674 7.87156 -0.433292 -2.29029
rmse after optimation: 1.77624
Wo AFTER LS ESTIMATES: 0.437674  7.87156  -0.433292  -2.29029  
