Read from .inf file:
node: 1
ncyc: 500
NWch: 20
width: 0.01
Iseed: 1234
fileNameData: solo/input/sofm_input.csv
fo1: solo/output/sofm_1.out
fo2: solo/output/sofm_2.out
fo3: solo/output/sofm_3.out
fo4: solo/output/sofm_4.out
Nwrite: 50
0  0  0  0.500000  0.500000  0.508693
20  0  0  0.500000  0.480000  0.001791
40  0  0  0.500000  0.460000  0.001881
60  0  0  0.500000  0.440000  0.001977
80  0  0  0.500000  0.420000  0.002080
100  0  0  0.500000  0.400000  0.002189
120  0  0  0.500000  0.380000  0.002307
140  0  0  0.500000  0.360000  0.002434
160  0  0  0.500000  0.340000  0.002572
180  0  0  0.500000  0.320000  0.002722
200  0  0  0.500000  0.300000  0.002887
220  0  0  0.500000  0.280000  0.003067
240  0  0  0.500000  0.260000  0.003265
260  0  0  0.500000  0.240000  0.003483
280  0  0  0.500000  0.220000  0.003720
300  0  0  0.500000  0.200000  0.003972
320  0  0  0.500000  0.180000  0.004227
340  0  0  0.500000  0.160000  0.004457
360  0  0  0.500000  0.140000  0.004608
380  0  0  0.500000  0.120000  0.004591
400  0  0  0.500000  0.100000  0.004293
420  0  0  0.500000  0.080000  0.003772
440  0  0  0.500000  0.060000  0.004259
460  0  0  0.500000  0.040000  0.008669
480  0  0  0.500000  0.020000  0.020576
