
gf_mds 1.0
by Alessio Ribeca

scientific contact: darpap at unitus dot it
technical contact: a dot ribeca at unitus dot it

DIBAF - University of Tuscia, Viterbo, Italy
(builded on Mar 15 2020 at 17:39:04 with GNU C 9.2.1 20190827 (Red Hat 9.2.1-1))
(use -h parameter for more information)

output path = mds/output/

rows min = 0

SW_IN tolerances = 20, 50
TA tolerance = 2.5
VPD tolerance = 0.5

processing: +...
buffer = mds/output/mds.csv
ok

2 files founded: 2 processed, 0 skipped.


gf_mds 1.0
by Alessio Ribeca

scientific contact: darpap at unitus dot it
technical contact: a dot ribeca at unitus dot it

DIBAF - University of Tuscia, Viterbo, Italy
(builded on Mar 15 2020 at 17:39:04 with GNU C 9.2.1 20190827 (Red Hat 9.2.1-1))
(use -h parameter for more information)

output path = mds/output/

rows min = 0

SW_IN tolerances = 20, 50
TA tolerance = 2.5
VPD tolerance = 0.5

processing: +...
buffer = mds/output/mds.csv
ok

2 files founded: 2 processed, 0 skipped.


gf_mds 1.0
by Alessio Ribeca

scientific contact: darpap at unitus dot it
technical contact: a dot ribeca at unitus dot it

DIBAF - University of Tuscia, Viterbo, Italy
(builded on Mar 15 2020 at 17:39:04 with GNU C 9.2.1 20190827 (Red Hat 9.2.1-1))
(use -h parameter for more information)

output path = mds/output/

rows min = 0

SW_IN tolerances = 20, 50
TA tolerance = 2.5
VPD tolerance = 0.5

processing: +...
buffer = mds/output/mds.csv
ok

2 files founded: 2 processed, 0 skipped.

